<?xml version="1.0" encoding="UTF-8"?>
<testsuite name="com.mindex.challenge.service.impl.EmployeeServiceImplTest" tests="1" skipped="0" failures="0" errors="0" timestamp="2023-02-05T04:12:01" hostname="LAPTOP-ELR07SM5" time="0.024">
  <properties/>
  <testcase name="testCreateReadUpdate" classname="com.mindex.challenge.service.impl.EmployeeServiceImplTest" time="0.024"/>
  <system-out><![CDATA[2023-02-04 23:12:01.171  INFO 25984 --- [    Test worker] .b.t.c.SpringBootTestContextBootstrapper : Neither @ContextConfiguration nor @ContextHierarchy found for test class [com.mindex.challenge.service.impl.EmployeeServiceImplTest], using SpringBootContextLoader
2023-02-04 23:12:01.172  INFO 25984 --- [    Test worker] o.s.t.c.support.AbstractContextLoader    : Could not detect default resource locations for test class [com.mindex.challenge.service.impl.EmployeeServiceImplTest]: no resource found for suffixes {-context.xml, Context.groovy}.
2023-02-04 23:12:01.172  INFO 25984 --- [    Test worker] t.c.s.AnnotationConfigContextLoaderUtils : Could not detect default configuration classes for test class [com.mindex.challenge.service.impl.EmployeeServiceImplTest]: EmployeeServiceImplTest does not declare any static, non-private, non-final, nested classes annotated with @Configuration.
2023-02-04 23:12:01.173  INFO 25984 --- [    Test worker] .b.t.c.SpringBootTestContextBootstrapper : Found @SpringBootConfiguration com.mindex.challenge.ChallengeApplication for test class com.mindex.challenge.service.impl.EmployeeServiceImplTest
2023-02-04 23:12:01.174  INFO 25984 --- [    Test worker] .b.t.c.SpringBootTestContextBootstrapper : Loaded default TestExecutionListener class names from location [META-INF/spring.factories]: [org.springframework.boot.test.autoconfigure.restdocs.RestDocsTestExecutionListener, org.springframework.boot.test.autoconfigure.web.client.MockRestServiceServerResetTestExecutionListener, org.springframework.boot.test.autoconfigure.web.servlet.MockMvcPrintOnlyOnFailureTestExecutionListener, org.springframework.boot.test.autoconfigure.web.servlet.WebDriverTestExecutionListener, org.springframework.boot.test.mock.mockito.MockitoTestExecutionListener, org.springframework.boot.test.mock.mockito.ResetMocksTestExecutionListener, org.springframework.test.context.web.ServletTestExecutionListener, org.springframework.test.context.support.DirtiesContextBeforeModesTestExecutionListener, org.springframework.test.context.support.DependencyInjectionTestExecutionListener, org.springframework.test.context.support.DirtiesContextTestExecutionListener, org.springframework.test.context.transaction.TransactionalTestExecutionListener, org.springframework.test.context.jdbc.SqlScriptsTestExecutionListener, org.springframework.test.context.event.EventPublishingTestExecutionListener]
2023-02-04 23:12:01.174  INFO 25984 --- [    Test worker] .b.t.c.SpringBootTestContextBootstrapper : Using TestExecutionListeners: [org.springframework.test.context.web.ServletTestExecutionListener@256e5459, org.springframework.test.context.support.DirtiesContextBeforeModesTestExecutionListener@71e44a69, org.springframework.boot.test.mock.mockito.MockitoTestExecutionListener@2d2ad247, org.springframework.boot.test.autoconfigure.SpringBootDependencyInjectionTestExecutionListener@116565c6, org.springframework.test.context.support.DirtiesContextTestExecutionListener@467e372f, org.springframework.test.context.transaction.TransactionalTestExecutionListener@151a9a8b, org.springframework.test.context.jdbc.SqlScriptsTestExecutionListener@6ed9ca85, org.springframework.test.context.event.EventPublishingTestExecutionListener@54a8d9cd, org.springframework.boot.test.autoconfigure.restdocs.RestDocsTestExecutionListener@63585b38, org.springframework.boot.test.autoconfigure.web.client.MockRestServiceServerResetTestExecutionListener@22575b1a, org.springframework.boot.test.autoconfigure.web.servlet.MockMvcPrintOnlyOnFailureTestExecutionListener@27a2037, org.springframework.boot.test.autoconfigure.web.servlet.WebDriverTestExecutionListener@100ef704, org.springframework.boot.test.mock.mockito.ResetMocksTestExecutionListener@312eefa6]
2023-02-04 23:12:01.181 DEBUG 25984 --- [o-auto-1-exec-7] c.m.c.controller.EmployeeController      : Received employee create request for [com.mindex.challenge.data.Employee@35f0ef0d]
2023-02-04 23:12:01.181 DEBUG 25984 --- [o-auto-1-exec-7] c.m.c.service.impl.EmployeeServiceImpl   : Creating employee [com.mindex.challenge.data.Employee@35f0ef0d]
2023-02-04 23:12:01.189 DEBUG 25984 --- [o-auto-1-exec-8] c.m.c.service.impl.EmployeeServiceImpl   : Creating employee with id [de4d88f2-636e-4daa-9d3d-a074d404276f]
2023-02-04 23:12:01.195 DEBUG 25984 --- [o-auto-1-exec-6] c.m.c.controller.EmployeeController      : Received employee create request for id [de4d88f2-636e-4daa-9d3d-a074d404276f] and employee [com.mindex.challenge.data.Employee@79e489d3]
2023-02-04 23:12:01.195 DEBUG 25984 --- [o-auto-1-exec-6] c.m.c.service.impl.EmployeeServiceImpl   : Updating employee [com.mindex.challenge.data.Employee@79e489d3]
]]></system-out>
  <system-err><![CDATA[]]></system-err>
</testsuite>
