<?xml version="1.0" encoding="UTF-8"?>
<testsuite name="com.mindex.challenge.service.impl.CompensationServiceImplTest" tests="1" skipped="0" failures="0" errors="0" timestamp="2023-02-05T04:12:01" hostname="LAPTOP-ELR07SM5" time="0.149">
  <properties/>
  <testcase name="testCreateReadUpdate" classname="com.mindex.challenge.service.impl.CompensationServiceImplTest" time="0.149"/>
  <system-out><![CDATA[2023-02-04 23:12:00.118  INFO 25984 --- [    Test worker] .b.t.c.SpringBootTestContextBootstrapper : Neither @ContextConfiguration nor @ContextHierarchy found for test class [com.mindex.challenge.service.impl.CompensationServiceImplTest], using SpringBootContextLoader
2023-02-04 23:12:00.119  INFO 25984 --- [    Test worker] o.s.t.c.support.AbstractContextLoader    : Could not detect default resource locations for test class [com.mindex.challenge.service.impl.CompensationServiceImplTest]: no resource found for suffixes {-context.xml, Context.groovy}.
2023-02-04 23:12:00.119  INFO 25984 --- [    Test worker] t.c.s.AnnotationConfigContextLoaderUtils : Could not detect default configuration classes for test class [com.mindex.challenge.service.impl.CompensationServiceImplTest]: CompensationServiceImplTest does not declare any static, non-private, non-final, nested classes annotated with @Configuration.
2023-02-04 23:12:00.126  INFO 25984 --- [    Test worker] .b.t.c.SpringBootTestContextBootstrapper : Found @SpringBootConfiguration com.mindex.challenge.ChallengeApplication for test class com.mindex.challenge.service.impl.CompensationServiceImplTest
2023-02-04 23:12:00.127  INFO 25984 --- [    Test worker] .b.t.c.SpringBootTestContextBootstrapper : Loaded default TestExecutionListener class names from location [META-INF/spring.factories]: [org.springframework.boot.test.autoconfigure.restdocs.RestDocsTestExecutionListener, org.springframework.boot.test.autoconfigure.web.client.MockRestServiceServerResetTestExecutionListener, org.springframework.boot.test.autoconfigure.web.servlet.MockMvcPrintOnlyOnFailureTestExecutionListener, org.springframework.boot.test.autoconfigure.web.servlet.WebDriverTestExecutionListener, org.springframework.boot.test.mock.mockito.MockitoTestExecutionListener, org.springframework.boot.test.mock.mockito.ResetMocksTestExecutionListener, org.springframework.test.context.web.ServletTestExecutionListener, org.springframework.test.context.support.DirtiesContextBeforeModesTestExecutionListener, org.springframework.test.context.support.DependencyInjectionTestExecutionListener, org.springframework.test.context.support.DirtiesContextTestExecutionListener, org.springframework.test.context.transaction.TransactionalTestExecutionListener, org.springframework.test.context.jdbc.SqlScriptsTestExecutionListener, org.springframework.test.context.event.EventPublishingTestExecutionListener]
2023-02-04 23:12:00.127  INFO 25984 --- [    Test worker] .b.t.c.SpringBootTestContextBootstrapper : Using TestExecutionListeners: [org.springframework.test.context.web.ServletTestExecutionListener@50e855d2, org.springframework.test.context.support.DirtiesContextBeforeModesTestExecutionListener@7d743cd8, org.springframework.boot.test.mock.mockito.MockitoTestExecutionListener@2b80825e, org.springframework.boot.test.autoconfigure.SpringBootDependencyInjectionTestExecutionListener@43278788, org.springframework.test.context.support.DirtiesContextTestExecutionListener@51f31cfb, org.springframework.test.context.transaction.TransactionalTestExecutionListener@dbd78e1, org.springframework.test.context.jdbc.SqlScriptsTestExecutionListener@2200897a, org.springframework.test.context.event.EventPublishingTestExecutionListener@5de44175, org.springframework.boot.test.autoconfigure.restdocs.RestDocsTestExecutionListener@14399af6, org.springframework.boot.test.autoconfigure.web.client.MockRestServiceServerResetTestExecutionListener@722582e0, org.springframework.boot.test.autoconfigure.web.servlet.MockMvcPrintOnlyOnFailureTestExecutionListener@54c88e87, org.springframework.boot.test.autoconfigure.web.servlet.WebDriverTestExecutionListener@2b588282, org.springframework.boot.test.mock.mockito.ResetMocksTestExecutionListener@73ee4335]

  .   ____          _            __ _ _
 /\\ / ___'_ __ _ _(_)_ __  __ _ \ \ \ \
( ( )\___ | '_ | '_| | '_ \/ _` | \ \ \ \
 \\/  ___)| |_)| | | | | || (_| |  ) ) ) )
  '  |____| .__|_| |_|_| |_\__, | / / / /
 =========|_|==============|___/=/_/_/_/
 :: Spring Boot ::        (v2.2.0.RELEASE)

2023-02-04 23:12:00.145  INFO 25984 --- [    Test worker] c.m.c.s.i.CompensationServiceImplTest    : Starting CompensationServiceImplTest on LAPTOP-ELR07SM5 with PID 25984 (started by saran in D:\challengeApplication)
2023-02-04 23:12:00.145 DEBUG 25984 --- [    Test worker] c.m.c.s.i.CompensationServiceImplTest    : Running with Spring Boot v2.2.0.RELEASE, Spring v5.2.0.RELEASE
2023-02-04 23:12:00.145  INFO 25984 --- [    Test worker] c.m.c.s.i.CompensationServiceImplTest    : No active profile set, falling back to default profiles: default
2023-02-04 23:12:00.221  INFO 25984 --- [    Test worker] .s.d.r.c.RepositoryConfigurationDelegate : Bootstrapping Spring Data repositories in DEFAULT mode.
2023-02-04 23:12:00.225  INFO 25984 --- [    Test worker] .s.d.r.c.RepositoryConfigurationDelegate : Finished Spring Data repository scanning in 4ms. Found 2 repository interfaces.
2023-02-04 23:12:00.397  INFO 25984 --- [    Test worker] o.s.b.w.embedded.tomcat.TomcatWebServer  : Tomcat initialized with port(s): 0 (http)
2023-02-04 23:12:00.407  INFO 25984 --- [    Test worker] o.apache.catalina.core.StandardService   : Starting service [Tomcat]
2023-02-04 23:12:00.407  INFO 25984 --- [    Test worker] org.apache.catalina.core.StandardEngine  : Starting Servlet engine: [Apache Tomcat/9.0.27]
2023-02-04 23:12:00.633  INFO 25984 --- [    Test worker] o.a.c.c.C.[Tomcat].[localhost].[/]       : Initializing Spring embedded WebApplicationContext
2023-02-04 23:12:00.633  INFO 25984 --- [    Test worker] o.s.web.context.ContextLoader            : Root WebApplicationContext: initialization completed in 487 ms
2023-02-04 23:12:00.729  INFO 25984 --- [    Test worker] de.bwaldvogel.mongo.MongoServer          : started MongoServer(port: 62883, ssl: false)
2023-02-04 23:12:00.730  INFO 25984 --- [    Test worker] org.mongodb.driver.cluster               : Cluster created with settings {hosts=[127.0.0.1:62883], mode=SINGLE, requiredClusterType=UNKNOWN, serverSelectionTimeout='30000 ms', maxWaitQueueSize=500}
2023-02-04 23:12:00.735  INFO 25984 --- [-server-worker1] d.b.mongo.wire.MongoWireProtocolHandler  : client [id: 0x092971a5, L:/127.0.0.1:62883 - R:/127.0.0.1:62884] connected
2023-02-04 23:12:00.737  WARN 25984 --- [    Test worker] o.s.data.convert.CustomConversions       : Registering converter from class java.time.LocalDateTime to class java.time.Instant as reading converter although it doesn't convert from a store-supported type! You might wanna check you annotation setup at the converter implementation.
2023-02-04 23:12:00.738  WARN 25984 --- [    Test worker] o.s.data.convert.CustomConversions       : Registering converter from class java.time.Instant to class java.time.LocalDateTime as reading converter although it doesn't convert from a store-supported type! You might wanna check you annotation setup at the converter implementation.
2023-02-04 23:12:00.738  WARN 25984 --- [    Test worker] o.s.data.convert.CustomConversions       : Registering converter from class java.time.LocalDateTime to class java.time.Instant as reading converter although it doesn't convert from a store-supported type! You might wanna check you annotation setup at the converter implementation.
2023-02-04 23:12:00.739  WARN 25984 --- [    Test worker] o.s.data.convert.CustomConversions       : Registering converter from class java.time.Instant to class java.time.LocalDateTime as reading converter although it doesn't convert from a store-supported type! You might wanna check you annotation setup at the converter implementation.
2023-02-04 23:12:00.739  INFO 25984 --- [127.0.0.1:62883] org.mongodb.driver.connection            : Opened connection [connectionId{localValue:9}] to 127.0.0.1:62883
2023-02-04 23:12:00.740  INFO 25984 --- [127.0.0.1:62883] org.mongodb.driver.cluster               : Monitor thread successfully connected to server with description ServerDescription{address=127.0.0.1:62883, type=STANDALONE, state=CONNECTED, ok=true, version=ServerVersion{versionList=[3, 0, 0]}, minWireVersion=0, maxWireVersion=2, maxDocumentSize=16777216, logicalSessionTimeoutMinutes=null, roundTripTimeNanos=687701}
2023-02-04 23:12:00.774  INFO 25984 --- [-server-worker2] d.b.mongo.wire.MongoWireProtocolHandler  : client [id: 0x0a2d95cf, L:/127.0.0.1:62883 - R:/127.0.0.1:62885] connected
2023-02-04 23:12:00.777  INFO 25984 --- [    Test worker] org.mongodb.driver.connection            : Opened connection [connectionId{localValue:10}] to 127.0.0.1:62883
2023-02-04 23:12:00.778  INFO 25984 --- [-server-worker2] d.b.mongo.backend.AbstractMongoBackend   : created database test
2023-02-04 23:12:00.778  INFO 25984 --- [-server-worker2] d.b.mongo.backend.AbstractMongoDatabase  : adding unique _id index for collection employee
2023-02-04 23:12:00.778  INFO 25984 --- [-server-worker2] d.b.mongo.backend.AbstractMongoDatabase  : created collection test.employee
2023-02-04 23:12:00.868  INFO 25984 --- [    Test worker] o.s.s.concurrent.ThreadPoolTaskExecutor  : Initializing ExecutorService 'applicationTaskExecutor'
2023-02-04 23:12:00.935  WARN 25984 --- [    Test worker] o.s.data.convert.CustomConversions       : Registering converter from class java.time.LocalDateTime to class java.time.Instant as reading converter although it doesn't convert from a store-supported type! You might wanna check you annotation setup at the converter implementation.
2023-02-04 23:12:00.935  WARN 25984 --- [    Test worker] o.s.data.convert.CustomConversions       : Registering converter from class java.time.Instant to class java.time.LocalDateTime as reading converter although it doesn't convert from a store-supported type! You might wanna check you annotation setup at the converter implementation.
2023-02-04 23:12:00.944  WARN 25984 --- [    Test worker] o.s.data.convert.CustomConversions       : Registering converter from class java.time.LocalDateTime to class java.time.Instant as reading converter although it doesn't convert from a store-supported type! You might wanna check you annotation setup at the converter implementation.
2023-02-04 23:12:00.944  WARN 25984 --- [    Test worker] o.s.data.convert.CustomConversions       : Registering converter from class java.time.Instant to class java.time.LocalDateTime as reading converter although it doesn't convert from a store-supported type! You might wanna check you annotation setup at the converter implementation.
2023-02-04 23:12:01.015  INFO 25984 --- [    Test worker] o.s.b.w.embedded.tomcat.TomcatWebServer  : Tomcat started on port(s): 62886 (http) with context path ''
2023-02-04 23:12:01.017  INFO 25984 --- [    Test worker] c.m.c.s.i.CompensationServiceImplTest    : Started CompensationServiceImplTest in 0.888 seconds (JVM running for 7.143)
2023-02-04 23:12:01.089  INFO 25984 --- [-auto-1-exec-10] o.a.c.c.C.[Tomcat].[localhost].[/]       : Initializing Spring DispatcherServlet 'dispatcherServlet'
2023-02-04 23:12:01.089  INFO 25984 --- [-auto-1-exec-10] o.s.web.servlet.DispatcherServlet        : Initializing Servlet 'dispatcherServlet'
2023-02-04 23:12:01.102  INFO 25984 --- [-auto-1-exec-10] o.s.web.servlet.DispatcherServlet        : Completed initialization in 13 ms
2023-02-04 23:12:01.109 DEBUG 25984 --- [-auto-1-exec-10] c.m.c.controller.CompensationController  : Received compensation create request with fields [com.mindex.challenge.data.Compensation@78604747]
2023-02-04 23:12:01.109 DEBUG 25984 --- [-auto-1-exec-10] c.m.c.s.impl.CompensationServiceImpl     : Creating compensation  [com.mindex.challenge.data.Compensation@78604747]
2023-02-04 23:12:01.109 DEBUG 25984 --- [-auto-1-exec-10] c.m.c.service.impl.EmployeeServiceImpl   : Creating employee with id [03aa1462-ffa9-4978-901b-7c001562cf6f]
2023-02-04 23:12:01.118  INFO 25984 --- [-server-worker2] d.b.mongo.backend.AbstractMongoDatabase  : adding unique _id index for collection compensation
2023-02-04 23:12:01.118  INFO 25984 --- [-server-worker2] d.b.mongo.backend.AbstractMongoDatabase  : created collection test.compensation
2023-02-04 23:12:01.130 DEBUG 25984 --- [o-auto-1-exec-3] c.m.c.controller.CompensationController  : Received compensation create request with fields [com.mindex.challenge.data.Compensation@39ed0670]
2023-02-04 23:12:01.130 DEBUG 25984 --- [o-auto-1-exec-3] c.m.c.s.impl.CompensationServiceImpl     : Creating compensation  [com.mindex.challenge.data.Compensation@39ed0670]
2023-02-04 23:12:01.130 DEBUG 25984 --- [o-auto-1-exec-3] c.m.c.service.impl.EmployeeServiceImpl   : Creating employee with id [123456]
2023-02-04 23:12:01.139 DEBUG 25984 --- [o-auto-1-exec-1] c.m.c.controller.CompensationController  : Received compensation create request with fields [com.mindex.challenge.data.Compensation@67405442]
2023-02-04 23:12:01.139 DEBUG 25984 --- [o-auto-1-exec-1] c.m.c.s.impl.CompensationServiceImpl     : Creating compensation  [com.mindex.challenge.data.Compensation@67405442]
2023-02-04 23:12:01.144 DEBUG 25984 --- [o-auto-1-exec-4] c.m.c.controller.CompensationController  : Received compensation read request for id [03aa1462-ffa9-4978-901b-7c001562cf6f]
2023-02-04 23:12:01.144 DEBUG 25984 --- [o-auto-1-exec-4] c.m.c.s.impl.CompensationServiceImpl     : Creating employee with id [03aa1462-ffa9-4978-901b-7c001562cf6f]
2023-02-04 23:12:01.144 DEBUG 25984 --- [o-auto-1-exec-4] c.m.c.service.impl.EmployeeServiceImpl   : Creating employee with id [03aa1462-ffa9-4978-901b-7c001562cf6f]
2023-02-04 23:12:01.158 DEBUG 25984 --- [o-auto-1-exec-2] c.m.c.controller.CompensationController  : Received compensation read request for id [a62ec4cf-be10-4653-80d7-81d20e6e885b]
2023-02-04 23:12:01.158 DEBUG 25984 --- [o-auto-1-exec-2] c.m.c.s.impl.CompensationServiceImpl     : Creating employee with id [a62ec4cf-be10-4653-80d7-81d20e6e885b]
2023-02-04 23:12:01.158 DEBUG 25984 --- [o-auto-1-exec-2] c.m.c.service.impl.EmployeeServiceImpl   : Creating employee with id [a62ec4cf-be10-4653-80d7-81d20e6e885b]
2023-02-04 23:12:01.163 DEBUG 25984 --- [o-auto-1-exec-5] c.m.c.controller.CompensationController  : Received compensation read request for id [c0c2293d-16bd-4603-8e08-638a9d18b22c]
2023-02-04 23:12:01.163 DEBUG 25984 --- [o-auto-1-exec-5] c.m.c.s.impl.CompensationServiceImpl     : Creating employee with id [c0c2293d-16bd-4603-8e08-638a9d18b22c]
2023-02-04 23:12:01.163 DEBUG 25984 --- [o-auto-1-exec-5] c.m.c.service.impl.EmployeeServiceImpl   : Creating employee with id [c0c2293d-16bd-4603-8e08-638a9d18b22c]
]]></system-out>
  <system-err><![CDATA[]]></system-err>
</testsuite>
