<?xml version="1.0" encoding="UTF-8"?>
<testsuite name="com.mindex.challenge.service.impl.ReportingStructureServiceImplTest" tests="1" skipped="0" failures="0" errors="0" timestamp="2023-02-04T00:09:30" hostname="LAPTOP-ELR07SM5" time="0.047">
  <properties/>
  <testcase name="testRead" classname="com.mindex.challenge.service.impl.ReportingStructureServiceImplTest" time="0.047"/>
  <system-out><![CDATA[2023-02-03 19:09:30.972  INFO 24808 --- [    Test worker] .b.t.c.SpringBootTestContextBootstrapper : Neither @ContextConfiguration nor @ContextHierarchy found for test class [com.mindex.challenge.service.impl.ReportingStructureServiceImplTest], using SpringBootContextLoader
2023-02-03 19:09:30.972  INFO 24808 --- [    Test worker] o.s.t.c.support.AbstractContextLoader    : Could not detect default resource locations for test class [com.mindex.challenge.service.impl.ReportingStructureServiceImplTest]: no resource found for suffixes {-context.xml, Context.groovy}.
2023-02-03 19:09:30.973  INFO 24808 --- [    Test worker] t.c.s.AnnotationConfigContextLoaderUtils : Could not detect default configuration classes for test class [com.mindex.challenge.service.impl.ReportingStructureServiceImplTest]: ReportingStructureServiceImplTest does not declare any static, non-private, non-final, nested classes annotated with @Configuration.
2023-02-03 19:09:30.973  INFO 24808 --- [    Test worker] .b.t.c.SpringBootTestContextBootstrapper : Found @SpringBootConfiguration com.mindex.challenge.ChallengeApplication for test class com.mindex.challenge.service.impl.ReportingStructureServiceImplTest
2023-02-03 19:09:30.974  INFO 24808 --- [    Test worker] .b.t.c.SpringBootTestContextBootstrapper : Loaded default TestExecutionListener class names from location [META-INF/spring.factories]: [org.springframework.boot.test.autoconfigure.restdocs.RestDocsTestExecutionListener, org.springframework.boot.test.autoconfigure.web.client.MockRestServiceServerResetTestExecutionListener, org.springframework.boot.test.autoconfigure.web.servlet.MockMvcPrintOnlyOnFailureTestExecutionListener, org.springframework.boot.test.autoconfigure.web.servlet.WebDriverTestExecutionListener, org.springframework.boot.test.mock.mockito.MockitoTestExecutionListener, org.springframework.boot.test.mock.mockito.ResetMocksTestExecutionListener, org.springframework.test.context.web.ServletTestExecutionListener, org.springframework.test.context.support.DirtiesContextBeforeModesTestExecutionListener, org.springframework.test.context.support.DependencyInjectionTestExecutionListener, org.springframework.test.context.support.DirtiesContextTestExecutionListener, org.springframework.test.context.transaction.TransactionalTestExecutionListener, org.springframework.test.context.jdbc.SqlScriptsTestExecutionListener, org.springframework.test.context.event.EventPublishingTestExecutionListener]
2023-02-03 19:09:30.975  INFO 24808 --- [    Test worker] .b.t.c.SpringBootTestContextBootstrapper : Using TestExecutionListeners: [org.springframework.test.context.web.ServletTestExecutionListener@2ab66df6, org.springframework.test.context.support.DirtiesContextBeforeModesTestExecutionListener@798300ba, org.springframework.boot.test.mock.mockito.MockitoTestExecutionListener@3d68d323, org.springframework.boot.test.autoconfigure.SpringBootDependencyInjectionTestExecutionListener@64eb7d85, org.springframework.test.context.support.DirtiesContextTestExecutionListener@7d2b7533, org.springframework.test.context.transaction.TransactionalTestExecutionListener@1ccc2cfc, org.springframework.test.context.jdbc.SqlScriptsTestExecutionListener@6746158d, org.springframework.test.context.event.EventPublishingTestExecutionListener@587e4bb5, org.springframework.boot.test.autoconfigure.restdocs.RestDocsTestExecutionListener@7eda2f64, org.springframework.boot.test.autoconfigure.web.client.MockRestServiceServerResetTestExecutionListener@30c478f, org.springframework.boot.test.autoconfigure.web.servlet.MockMvcPrintOnlyOnFailureTestExecutionListener@54b1d01e, org.springframework.boot.test.autoconfigure.web.servlet.WebDriverTestExecutionListener@7e381ade, org.springframework.boot.test.mock.mockito.ResetMocksTestExecutionListener@5136ab72]
2023-02-03 19:09:30.985 DEBUG 24808 --- [o-auto-1-exec-8] c.m.c.c.ReportingStructureController     : Received reportingStructure read request for id [16a596ae-edd3-4847-99fe-c4518e82c86f] 
2023-02-03 19:09:30.986 DEBUG 24808 --- [o-auto-1-exec-8] c.m.c.s.i.ReportingStructureServiceImpl  : Getting number of reports for employee with id [16a596ae-edd3-4847-99fe-c4518e82c86f]
2023-02-03 19:09:30.998 DEBUG 24808 --- [o-auto-1-exec-8] c.m.c.s.i.ReportingStructureServiceImpl  : Number of Reports
2023-02-03 19:09:31.005 DEBUG 24808 --- [o-auto-1-exec-9] c.m.c.c.ReportingStructureController     : Received reportingStructure read request for id [03aa1462-ffa9-4978-901b-7c001562cf6f] 
2023-02-03 19:09:31.005 DEBUG 24808 --- [o-auto-1-exec-9] c.m.c.s.i.ReportingStructureServiceImpl  : Getting number of reports for employee with id [03aa1462-ffa9-4978-901b-7c001562cf6f]
2023-02-03 19:09:31.012 DEBUG 24808 --- [o-auto-1-exec-9] c.m.c.s.i.ReportingStructureServiceImpl  : Number of Reports
2023-02-03 19:09:31.016 DEBUG 24808 --- [-auto-1-exec-10] c.m.c.c.ReportingStructureController     : Received reportingStructure read request for id [a0a3bc8a-1910-4016-8a46-221b3b5eb446] 
2023-02-03 19:09:31.016 DEBUG 24808 --- [-auto-1-exec-10] c.m.c.s.i.ReportingStructureServiceImpl  : Getting number of reports for employee with id [a0a3bc8a-1910-4016-8a46-221b3b5eb446]
]]></system-out>
  <system-err><![CDATA[]]></system-err>
</testsuite>
