<?xml version="1.0" encoding="UTF-8"?>
<testsuite name="com.mindex.challenge.DataBootstrapTest" tests="1" skipped="0" failures="0" errors="0" timestamp="2023-02-05T04:12:00" hostname="LAPTOP-ELR07SM5" time="0.039">
  <properties/>
  <testcase name="test" classname="com.mindex.challenge.DataBootstrapTest" time="0.039"/>
  <system-out><![CDATA[2023-02-04 23:12:00.071  INFO 25984 --- [    Test worker] .b.t.c.SpringBootTestContextBootstrapper : Neither @ContextConfiguration nor @ContextHierarchy found for test class [com.mindex.challenge.DataBootstrapTest], using SpringBootContextLoader
2023-02-04 23:12:00.072  INFO 25984 --- [    Test worker] o.s.t.c.support.AbstractContextLoader    : Could not detect default resource locations for test class [com.mindex.challenge.DataBootstrapTest]: no resource found for suffixes {-context.xml, Context.groovy}.
2023-02-04 23:12:00.072  INFO 25984 --- [    Test worker] t.c.s.AnnotationConfigContextLoaderUtils : Could not detect default configuration classes for test class [com.mindex.challenge.DataBootstrapTest]: DataBootstrapTest does not declare any static, non-private, non-final, nested classes annotated with @Configuration.
2023-02-04 23:12:00.073  INFO 25984 --- [    Test worker] .b.t.c.SpringBootTestContextBootstrapper : Found @SpringBootConfiguration com.mindex.challenge.ChallengeApplication for test class com.mindex.challenge.DataBootstrapTest
2023-02-04 23:12:00.073  INFO 25984 --- [    Test worker] .b.t.c.SpringBootTestContextBootstrapper : Loaded default TestExecutionListener class names from location [META-INF/spring.factories]: [org.springframework.boot.test.autoconfigure.restdocs.RestDocsTestExecutionListener, org.springframework.boot.test.autoconfigure.web.client.MockRestServiceServerResetTestExecutionListener, org.springframework.boot.test.autoconfigure.web.servlet.MockMvcPrintOnlyOnFailureTestExecutionListener, org.springframework.boot.test.autoconfigure.web.servlet.WebDriverTestExecutionListener, org.springframework.boot.test.mock.mockito.MockitoTestExecutionListener, org.springframework.boot.test.mock.mockito.ResetMocksTestExecutionListener, org.springframework.test.context.web.ServletTestExecutionListener, org.springframework.test.context.support.DirtiesContextBeforeModesTestExecutionListener, org.springframework.test.context.support.DependencyInjectionTestExecutionListener, org.springframework.test.context.support.DirtiesContextTestExecutionListener, org.springframework.test.context.transaction.TransactionalTestExecutionListener, org.springframework.test.context.jdbc.SqlScriptsTestExecutionListener, org.springframework.test.context.event.EventPublishingTestExecutionListener]
2023-02-04 23:12:00.074  INFO 25984 --- [    Test worker] .b.t.c.SpringBootTestContextBootstrapper : Using TestExecutionListeners: [org.springframework.test.context.web.ServletTestExecutionListener@7fb4acc, org.springframework.test.context.support.DirtiesContextBeforeModesTestExecutionListener@ff52bc8, org.springframework.boot.test.mock.mockito.MockitoTestExecutionListener@4308e375, org.springframework.boot.test.autoconfigure.SpringBootDependencyInjectionTestExecutionListener@65ad7f0a, org.springframework.test.context.support.DirtiesContextTestExecutionListener@385df459, org.springframework.test.context.transaction.TransactionalTestExecutionListener@1e5033f1, org.springframework.test.context.jdbc.SqlScriptsTestExecutionListener@1ac77805, org.springframework.test.context.event.EventPublishingTestExecutionListener@149c0178, org.springframework.boot.test.autoconfigure.restdocs.RestDocsTestExecutionListener@43b4c08e, org.springframework.boot.test.autoconfigure.web.client.MockRestServiceServerResetTestExecutionListener@5c64acb2, org.springframework.boot.test.autoconfigure.web.servlet.MockMvcPrintOnlyOnFailureTestExecutionListener@7d42e06b, org.springframework.boot.test.autoconfigure.web.servlet.WebDriverTestExecutionListener@921a97a, org.springframework.boot.test.mock.mockito.ResetMocksTestExecutionListener@6cf4a860]
]]></system-out>
  <system-err><![CDATA[]]></system-err>
</testsuite>
