<?xml version="1.0" encoding="UTF-8"?>
<testsuite name="com.mindex.challenge.controllerTest.ReportingStructureControllerTest" tests="1" skipped="0" failures="0" errors="0" timestamp="2023-02-05T04:12:00" hostname="LAPTOP-ELR07SM5" time="0.023">
  <properties/>
  <testcase name="reportingStructureControllerTest" classname="com.mindex.challenge.controllerTest.ReportingStructureControllerTest" time="0.023"/>
  <system-out><![CDATA[2023-02-04 23:11:59.539  INFO 25984 --- [    Test worker] .b.t.c.SpringBootTestContextBootstrapper : Neither @ContextConfiguration nor @ContextHierarchy found for test class [com.mindex.challenge.controllerTest.ReportingStructureControllerTest], using SpringBootContextLoader
2023-02-04 23:11:59.540  INFO 25984 --- [    Test worker] o.s.t.c.support.AbstractContextLoader    : Could not detect default resource locations for test class [com.mindex.challenge.controllerTest.ReportingStructureControllerTest]: no resource found for suffixes {-context.xml, Context.groovy}.
2023-02-04 23:11:59.540  INFO 25984 --- [    Test worker] t.c.s.AnnotationConfigContextLoaderUtils : Could not detect default configuration classes for test class [com.mindex.challenge.controllerTest.ReportingStructureControllerTest]: ReportingStructureControllerTest does not declare any static, non-private, non-final, nested classes annotated with @Configuration.
2023-02-04 23:11:59.542  INFO 25984 --- [    Test worker] .b.t.c.SpringBootTestContextBootstrapper : Found @SpringBootConfiguration com.mindex.challenge.ChallengeApplication for test class com.mindex.challenge.controllerTest.ReportingStructureControllerTest
2023-02-04 23:11:59.545  INFO 25984 --- [    Test worker] .b.t.c.SpringBootTestContextBootstrapper : Loaded default TestExecutionListener class names from location [META-INF/spring.factories]: [org.springframework.boot.test.autoconfigure.restdocs.RestDocsTestExecutionListener, org.springframework.boot.test.autoconfigure.web.client.MockRestServiceServerResetTestExecutionListener, org.springframework.boot.test.autoconfigure.web.servlet.MockMvcPrintOnlyOnFailureTestExecutionListener, org.springframework.boot.test.autoconfigure.web.servlet.WebDriverTestExecutionListener, org.springframework.boot.test.mock.mockito.MockitoTestExecutionListener, org.springframework.boot.test.mock.mockito.ResetMocksTestExecutionListener, org.springframework.test.context.web.ServletTestExecutionListener, org.springframework.test.context.support.DirtiesContextBeforeModesTestExecutionListener, org.springframework.test.context.support.DependencyInjectionTestExecutionListener, org.springframework.test.context.support.DirtiesContextTestExecutionListener, org.springframework.test.context.transaction.TransactionalTestExecutionListener, org.springframework.test.context.jdbc.SqlScriptsTestExecutionListener, org.springframework.test.context.event.EventPublishingTestExecutionListener]
2023-02-04 23:11:59.545  INFO 25984 --- [    Test worker] .b.t.c.SpringBootTestContextBootstrapper : Using TestExecutionListeners: [org.springframework.test.context.web.ServletTestExecutionListener@543e9ef3, org.springframework.test.context.support.DirtiesContextBeforeModesTestExecutionListener@68f64ede, org.springframework.boot.test.mock.mockito.MockitoTestExecutionListener@41ce2f1a, org.springframework.boot.test.autoconfigure.SpringBootDependencyInjectionTestExecutionListener@4ac55086, org.springframework.test.context.support.DirtiesContextTestExecutionListener@6aac862b, org.springframework.test.context.transaction.TransactionalTestExecutionListener@30f6b51e, org.springframework.test.context.jdbc.SqlScriptsTestExecutionListener@f0eae5, org.springframework.test.context.event.EventPublishingTestExecutionListener@6051cb1d, org.springframework.boot.test.autoconfigure.restdocs.RestDocsTestExecutionListener@6ec294e2, org.springframework.boot.test.autoconfigure.web.client.MockRestServiceServerResetTestExecutionListener@6b999261, org.springframework.boot.test.autoconfigure.web.servlet.MockMvcPrintOnlyOnFailureTestExecutionListener@6cb9ea35, org.springframework.boot.test.autoconfigure.web.servlet.WebDriverTestExecutionListener@2decd9c, org.springframework.boot.test.mock.mockito.ResetMocksTestExecutionListener@78412ca1]

  .   ____          _            __ _ _
 /\\ / ___'_ __ _ _(_)_ __  __ _ \ \ \ \
( ( )\___ | '_ | '_| | '_ \/ _` | \ \ \ \
 \\/  ___)| |_)| | | | | || (_| |  ) ) ) )
  '  |____| .__|_| |_|_| |_\__, | / / / /
 =========|_|==============|___/=/_/_/_/
 :: Spring Boot ::        (v2.2.0.RELEASE)

2023-02-04 23:11:59.562  INFO 25984 --- [    Test worker] c.m.c.c.ReportingStructureControllerTest : Starting ReportingStructureControllerTest on LAPTOP-ELR07SM5 with PID 25984 (started by saran in D:\challengeApplication)
2023-02-04 23:11:59.562 DEBUG 25984 --- [    Test worker] c.m.c.c.ReportingStructureControllerTest : Running with Spring Boot v2.2.0.RELEASE, Spring v5.2.0.RELEASE
2023-02-04 23:11:59.562  INFO 25984 --- [    Test worker] c.m.c.c.ReportingStructureControllerTest : No active profile set, falling back to default profiles: default
2023-02-04 23:11:59.647  INFO 25984 --- [    Test worker] .s.d.r.c.RepositoryConfigurationDelegate : Bootstrapping Spring Data repositories in DEFAULT mode.
2023-02-04 23:11:59.652  INFO 25984 --- [    Test worker] .s.d.r.c.RepositoryConfigurationDelegate : Finished Spring Data repository scanning in 4ms. Found 2 repository interfaces.
2023-02-04 23:11:59.737  INFO 25984 --- [    Test worker] de.bwaldvogel.mongo.MongoServer          : started MongoServer(port: 62816, ssl: false)
2023-02-04 23:11:59.738  INFO 25984 --- [    Test worker] org.mongodb.driver.cluster               : Cluster created with settings {hosts=[127.0.0.1:62816], mode=SINGLE, requiredClusterType=UNKNOWN, serverSelectionTimeout='30000 ms', maxWaitQueueSize=500}
2023-02-04 23:11:59.741  INFO 25984 --- [-server-worker1] d.b.mongo.wire.MongoWireProtocolHandler  : client [id: 0xe1eb65eb, L:/127.0.0.1:62816 - R:/127.0.0.1:62817] connected
2023-02-04 23:11:59.743  WARN 25984 --- [    Test worker] o.s.data.convert.CustomConversions       : Registering converter from class java.time.LocalDateTime to class java.time.Instant as reading converter although it doesn't convert from a store-supported type! You might wanna check you annotation setup at the converter implementation.
2023-02-04 23:11:59.743  WARN 25984 --- [    Test worker] o.s.data.convert.CustomConversions       : Registering converter from class java.time.Instant to class java.time.LocalDateTime as reading converter although it doesn't convert from a store-supported type! You might wanna check you annotation setup at the converter implementation.
2023-02-04 23:11:59.743  INFO 25984 --- [127.0.0.1:62816] org.mongodb.driver.connection            : Opened connection [connectionId{localValue:7}] to 127.0.0.1:62816
2023-02-04 23:11:59.744  WARN 25984 --- [    Test worker] o.s.data.convert.CustomConversions       : Registering converter from class java.time.LocalDateTime to class java.time.Instant as reading converter although it doesn't convert from a store-supported type! You might wanna check you annotation setup at the converter implementation.
2023-02-04 23:11:59.744  WARN 25984 --- [    Test worker] o.s.data.convert.CustomConversions       : Registering converter from class java.time.Instant to class java.time.LocalDateTime as reading converter although it doesn't convert from a store-supported type! You might wanna check you annotation setup at the converter implementation.
2023-02-04 23:11:59.744  INFO 25984 --- [127.0.0.1:62816] org.mongodb.driver.cluster               : Monitor thread successfully connected to server with description ServerDescription{address=127.0.0.1:62816, type=STANDALONE, state=CONNECTED, ok=true, version=ServerVersion{versionList=[3, 0, 0]}, minWireVersion=0, maxWireVersion=2, maxDocumentSize=16777216, logicalSessionTimeoutMinutes=null, roundTripTimeNanos=486201}
2023-02-04 23:11:59.781  INFO 25984 --- [-server-worker2] d.b.mongo.wire.MongoWireProtocolHandler  : client [id: 0xa610624e, L:/127.0.0.1:62816 - R:/127.0.0.1:62818] connected
2023-02-04 23:11:59.786  INFO 25984 --- [    Test worker] org.mongodb.driver.connection            : Opened connection [connectionId{localValue:8}] to 127.0.0.1:62816
2023-02-04 23:11:59.786  INFO 25984 --- [-server-worker2] d.b.mongo.backend.AbstractMongoBackend   : created database test
2023-02-04 23:11:59.786  INFO 25984 --- [-server-worker2] d.b.mongo.backend.AbstractMongoDatabase  : adding unique _id index for collection employee
2023-02-04 23:11:59.787  INFO 25984 --- [-server-worker2] d.b.mongo.backend.AbstractMongoDatabase  : created collection test.employee
2023-02-04 23:11:59.913  INFO 25984 --- [    Test worker] o.s.s.concurrent.ThreadPoolTaskExecutor  : Initializing ExecutorService 'applicationTaskExecutor'
2023-02-04 23:11:59.984  WARN 25984 --- [    Test worker] o.s.data.convert.CustomConversions       : Registering converter from class java.time.LocalDateTime to class java.time.Instant as reading converter although it doesn't convert from a store-supported type! You might wanna check you annotation setup at the converter implementation.
2023-02-04 23:11:59.984  WARN 25984 --- [    Test worker] o.s.data.convert.CustomConversions       : Registering converter from class java.time.Instant to class java.time.LocalDateTime as reading converter although it doesn't convert from a store-supported type! You might wanna check you annotation setup at the converter implementation.
2023-02-04 23:11:59.991  WARN 25984 --- [    Test worker] o.s.data.convert.CustomConversions       : Registering converter from class java.time.LocalDateTime to class java.time.Instant as reading converter although it doesn't convert from a store-supported type! You might wanna check you annotation setup at the converter implementation.
2023-02-04 23:11:59.992  WARN 25984 --- [    Test worker] o.s.data.convert.CustomConversions       : Registering converter from class java.time.Instant to class java.time.LocalDateTime as reading converter although it doesn't convert from a store-supported type! You might wanna check you annotation setup at the converter implementation.
2023-02-04 23:12:00.033  INFO 25984 --- [    Test worker] o.s.b.t.m.w.SpringBootMockServletContext : Initializing Spring TestDispatcherServlet ''
2023-02-04 23:12:00.033  INFO 25984 --- [    Test worker] o.s.t.web.servlet.TestDispatcherServlet  : Initializing Servlet ''
2023-02-04 23:12:00.038  INFO 25984 --- [    Test worker] o.s.t.web.servlet.TestDispatcherServlet  : Completed initialization in 5 ms
2023-02-04 23:12:00.042  INFO 25984 --- [    Test worker] c.m.c.c.ReportingStructureControllerTest : Started ReportingStructureControllerTest in 0.496 seconds (JVM running for 6.168)
2023-02-04 23:12:00.050 DEBUG 25984 --- [    Test worker] c.m.c.c.ReportingStructureController     : Received reportingStructure read request for id [123456] 

MockHttpServletRequest:
      HTTP Method = GET
      Request URI = /employee/reports/123456
       Parameters = {}
          Headers = []
             Body = null
    Session Attrs = {}

Handler:
             Type = com.mindex.challenge.controller.ReportingStructureController
           Method = com.mindex.challenge.controller.ReportingStructureController#getNumberOfReports(String)

Async:
    Async started = false
     Async result = null

Resolved Exception:
             Type = null

ModelAndView:
        View name = null
             View = null
            Model = null

FlashMap:
       Attributes = null

MockHttpServletResponse:
           Status = 200
    Error message = null
          Headers = [Content-Type:"application/json"]
     Content type = application/json
             Body = {"employee":{"employeeId":"123456","firstName":"test","lastName":"Reports","position":null,"department":null,"directReports":[{"employeeId":"8c5d3242-4a3b-4ed3-add9-5a929b69c9ad","firstName":"DR1","lastName":"Report1","position":null,"department":null,"directReports":null},{"employeeId":"763537eb-29dc-4e76-b463-9988b8032bd8","firstName":"DR2","lastName":"Report2","position":null,"department":null,"directReports":null}]},"numberOfReports":2}
    Forwarded URL = null
   Redirected URL = null
          Cookies = []
]]></system-out>
  <system-err><![CDATA[]]></system-err>
</testsuite>
