<?xml version="1.0" encoding="UTF-8"?>
<testsuite name="com.mindex.challenge.controllerTest.ReportingStructureControllerTest" tests="1" skipped="0" failures="0" errors="0" timestamp="2023-02-04T00:09:29" hostname="LAPTOP-ELR07SM5" time="0.025">
  <properties/>
  <testcase name="reportingStructureControllerTest" classname="com.mindex.challenge.controllerTest.ReportingStructureControllerTest" time="0.025"/>
  <system-out><![CDATA[2023-02-03 19:09:29.129  INFO 24808 --- [    Test worker] .b.t.c.SpringBootTestContextBootstrapper : Neither @ContextConfiguration nor @ContextHierarchy found for test class [com.mindex.challenge.controllerTest.ReportingStructureControllerTest], using SpringBootContextLoader
2023-02-03 19:09:29.130  INFO 24808 --- [    Test worker] o.s.t.c.support.AbstractContextLoader    : Could not detect default resource locations for test class [com.mindex.challenge.controllerTest.ReportingStructureControllerTest]: no resource found for suffixes {-context.xml, Context.groovy}.
2023-02-03 19:09:29.131  INFO 24808 --- [    Test worker] t.c.s.AnnotationConfigContextLoaderUtils : Could not detect default configuration classes for test class [com.mindex.challenge.controllerTest.ReportingStructureControllerTest]: ReportingStructureControllerTest does not declare any static, non-private, non-final, nested classes annotated with @Configuration.
2023-02-03 19:09:29.132  INFO 24808 --- [    Test worker] .b.t.c.SpringBootTestContextBootstrapper : Found @SpringBootConfiguration com.mindex.challenge.ChallengeApplication for test class com.mindex.challenge.controllerTest.ReportingStructureControllerTest
2023-02-03 19:09:29.133  INFO 24808 --- [    Test worker] .b.t.c.SpringBootTestContextBootstrapper : Loaded default TestExecutionListener class names from location [META-INF/spring.factories]: [org.springframework.boot.test.autoconfigure.restdocs.RestDocsTestExecutionListener, org.springframework.boot.test.autoconfigure.web.client.MockRestServiceServerResetTestExecutionListener, org.springframework.boot.test.autoconfigure.web.servlet.MockMvcPrintOnlyOnFailureTestExecutionListener, org.springframework.boot.test.autoconfigure.web.servlet.WebDriverTestExecutionListener, org.springframework.boot.test.mock.mockito.MockitoTestExecutionListener, org.springframework.boot.test.mock.mockito.ResetMocksTestExecutionListener, org.springframework.test.context.web.ServletTestExecutionListener, org.springframework.test.context.support.DirtiesContextBeforeModesTestExecutionListener, org.springframework.test.context.support.DependencyInjectionTestExecutionListener, org.springframework.test.context.support.DirtiesContextTestExecutionListener, org.springframework.test.context.transaction.TransactionalTestExecutionListener, org.springframework.test.context.jdbc.SqlScriptsTestExecutionListener, org.springframework.test.context.event.EventPublishingTestExecutionListener]
2023-02-03 19:09:29.134  INFO 24808 --- [    Test worker] .b.t.c.SpringBootTestContextBootstrapper : Using TestExecutionListeners: [org.springframework.test.context.web.ServletTestExecutionListener@57917bec, org.springframework.test.context.support.DirtiesContextBeforeModesTestExecutionListener@52f3fd24, org.springframework.boot.test.mock.mockito.MockitoTestExecutionListener@3b5a333e, org.springframework.boot.test.autoconfigure.SpringBootDependencyInjectionTestExecutionListener@7aebcc59, org.springframework.test.context.support.DirtiesContextTestExecutionListener@26f986f3, org.springframework.test.context.transaction.TransactionalTestExecutionListener@6b2e55d5, org.springframework.test.context.jdbc.SqlScriptsTestExecutionListener@187584d, org.springframework.test.context.event.EventPublishingTestExecutionListener@25aad520, org.springframework.boot.test.autoconfigure.restdocs.RestDocsTestExecutionListener@4f0e1178, org.springframework.boot.test.autoconfigure.web.client.MockRestServiceServerResetTestExecutionListener@569775b1, org.springframework.boot.test.autoconfigure.web.servlet.MockMvcPrintOnlyOnFailureTestExecutionListener@6de91a1e, org.springframework.boot.test.autoconfigure.web.servlet.WebDriverTestExecutionListener@1e19d156, org.springframework.boot.test.mock.mockito.ResetMocksTestExecutionListener@2123863c]

  .   ____          _            __ _ _
 /\\ / ___'_ __ _ _(_)_ __  __ _ \ \ \ \
( ( )\___ | '_ | '_| | '_ \/ _` | \ \ \ \
 \\/  ___)| |_)| | | | | || (_| |  ) ) ) )
  '  |____| .__|_| |_|_| |_\__, | / / / /
 =========|_|==============|___/=/_/_/_/
 :: Spring Boot ::        (v2.2.0.RELEASE)

2023-02-03 19:09:29.153  INFO 24808 --- [    Test worker] c.m.c.c.ReportingStructureControllerTest : Starting ReportingStructureControllerTest on LAPTOP-ELR07SM5 with PID 24808 (started by saran in D:\mindex copy\mindex-java-code-challenge)
2023-02-03 19:09:29.153 DEBUG 24808 --- [    Test worker] c.m.c.c.ReportingStructureControllerTest : Running with Spring Boot v2.2.0.RELEASE, Spring v5.2.0.RELEASE
2023-02-03 19:09:29.153  INFO 24808 --- [    Test worker] c.m.c.c.ReportingStructureControllerTest : No active profile set, falling back to default profiles: default
2023-02-03 19:09:29.237  INFO 24808 --- [    Test worker] .s.d.r.c.RepositoryConfigurationDelegate : Bootstrapping Spring Data repositories in DEFAULT mode.
2023-02-03 19:09:29.244  INFO 24808 --- [    Test worker] .s.d.r.c.RepositoryConfigurationDelegate : Finished Spring Data repository scanning in 5ms. Found 2 repository interfaces.
2023-02-03 19:09:29.339  INFO 24808 --- [    Test worker] de.bwaldvogel.mongo.MongoServer          : started MongoServer(port: 51228, ssl: false)
2023-02-03 19:09:29.341  INFO 24808 --- [    Test worker] org.mongodb.driver.cluster               : Cluster created with settings {hosts=[127.0.0.1:51228], mode=SINGLE, requiredClusterType=UNKNOWN, serverSelectionTimeout='30000 ms', maxWaitQueueSize=500}
2023-02-03 19:09:29.344  INFO 24808 --- [-server-worker1] d.b.mongo.wire.MongoWireProtocolHandler  : client [id: 0x51219e2b, L:/127.0.0.1:51228 - R:/127.0.0.1:51229] connected
2023-02-03 19:09:29.346  WARN 24808 --- [    Test worker] o.s.data.convert.CustomConversions       : Registering converter from class java.time.LocalDateTime to class java.time.Instant as reading converter although it doesn't convert from a store-supported type! You might wanna check you annotation setup at the converter implementation.
2023-02-03 19:09:29.346  WARN 24808 --- [    Test worker] o.s.data.convert.CustomConversions       : Registering converter from class java.time.Instant to class java.time.LocalDateTime as reading converter although it doesn't convert from a store-supported type! You might wanna check you annotation setup at the converter implementation.
2023-02-03 19:09:29.348  WARN 24808 --- [    Test worker] o.s.data.convert.CustomConversions       : Registering converter from class java.time.LocalDateTime to class java.time.Instant as reading converter although it doesn't convert from a store-supported type! You might wanna check you annotation setup at the converter implementation.
2023-02-03 19:09:29.348  WARN 24808 --- [    Test worker] o.s.data.convert.CustomConversions       : Registering converter from class java.time.Instant to class java.time.LocalDateTime as reading converter although it doesn't convert from a store-supported type! You might wanna check you annotation setup at the converter implementation.
2023-02-03 19:09:29.352  INFO 24808 --- [127.0.0.1:51228] org.mongodb.driver.connection            : Opened connection [connectionId{localValue:5}] to 127.0.0.1:51228
2023-02-03 19:09:29.353  INFO 24808 --- [127.0.0.1:51228] org.mongodb.driver.cluster               : Monitor thread successfully connected to server with description ServerDescription{address=127.0.0.1:51228, type=STANDALONE, state=CONNECTED, ok=true, version=ServerVersion{versionList=[3, 0, 0]}, minWireVersion=0, maxWireVersion=2, maxDocumentSize=16777216, logicalSessionTimeoutMinutes=null, roundTripTimeNanos=493200}
2023-02-03 19:09:29.394  INFO 24808 --- [-server-worker2] d.b.mongo.wire.MongoWireProtocolHandler  : client [id: 0x066f1678, L:/127.0.0.1:51228 - R:/127.0.0.1:51230] connected
2023-02-03 19:09:29.397  INFO 24808 --- [    Test worker] org.mongodb.driver.connection            : Opened connection [connectionId{localValue:6}] to 127.0.0.1:51228
2023-02-03 19:09:29.398  INFO 24808 --- [-server-worker2] d.b.mongo.backend.AbstractMongoBackend   : created database test
2023-02-03 19:09:29.398  INFO 24808 --- [-server-worker2] d.b.mongo.backend.AbstractMongoDatabase  : adding unique _id index for collection employee
2023-02-03 19:09:29.398  INFO 24808 --- [-server-worker2] d.b.mongo.backend.AbstractMongoDatabase  : created collection test.employee
2023-02-03 19:09:29.544  INFO 24808 --- [    Test worker] o.s.s.concurrent.ThreadPoolTaskExecutor  : Initializing ExecutorService 'applicationTaskExecutor'
2023-02-03 19:09:29.617  WARN 24808 --- [    Test worker] o.s.data.convert.CustomConversions       : Registering converter from class java.time.LocalDateTime to class java.time.Instant as reading converter although it doesn't convert from a store-supported type! You might wanna check you annotation setup at the converter implementation.
2023-02-03 19:09:29.618  WARN 24808 --- [    Test worker] o.s.data.convert.CustomConversions       : Registering converter from class java.time.Instant to class java.time.LocalDateTime as reading converter although it doesn't convert from a store-supported type! You might wanna check you annotation setup at the converter implementation.
2023-02-03 19:09:29.628  WARN 24808 --- [    Test worker] o.s.data.convert.CustomConversions       : Registering converter from class java.time.LocalDateTime to class java.time.Instant as reading converter although it doesn't convert from a store-supported type! You might wanna check you annotation setup at the converter implementation.
2023-02-03 19:09:29.628  WARN 24808 --- [    Test worker] o.s.data.convert.CustomConversions       : Registering converter from class java.time.Instant to class java.time.LocalDateTime as reading converter although it doesn't convert from a store-supported type! You might wanna check you annotation setup at the converter implementation.
2023-02-03 19:09:29.664  INFO 24808 --- [    Test worker] o.s.b.t.m.w.SpringBootMockServletContext : Initializing Spring TestDispatcherServlet ''
2023-02-03 19:09:29.664  INFO 24808 --- [    Test worker] o.s.t.web.servlet.TestDispatcherServlet  : Initializing Servlet ''
2023-02-03 19:09:29.668  INFO 24808 --- [    Test worker] o.s.t.web.servlet.TestDispatcherServlet  : Completed initialization in 4 ms
2023-02-03 19:09:29.674  INFO 24808 --- [    Test worker] c.m.c.c.ReportingStructureControllerTest : Started ReportingStructureControllerTest in 0.538 seconds (JVM running for 5.997)
2023-02-03 19:09:29.680 DEBUG 24808 --- [    Test worker] c.m.c.c.ReportingStructureController     : Received reportingStructure read request for id [123456] 

MockHttpServletRequest:
      HTTP Method = GET
      Request URI = /employee/reports/123456
       Parameters = {}
          Headers = []
             Body = null
    Session Attrs = {}

Handler:
             Type = com.mindex.challenge.controller.ReportingStructureController
           Method = com.mindex.challenge.controller.ReportingStructureController#getNumberOfReports(String)

Async:
    Async started = false
     Async result = null

Resolved Exception:
             Type = null

ModelAndView:
        View name = null
             View = null
            Model = null

FlashMap:
       Attributes = null

MockHttpServletResponse:
           Status = 200
    Error message = null
          Headers = [Content-Type:"application/json"]
     Content type = application/json
             Body = {"employee":{"employeeId":"123456","firstName":"test","lastName":"Reports","position":null,"department":null,"directReports":[{"employeeId":"105e8cc1-9363-4966-86f0-a3021a8fe0e9","firstName":"DR1","lastName":"Report1","position":null,"department":null,"directReports":null},{"employeeId":"ef1f668c-09f9-44e2-9dd7-68704b13e8c5","firstName":"DR2","lastName":"Report2","position":null,"department":null,"directReports":null}]},"numberOfReports":2}
    Forwarded URL = null
   Redirected URL = null
          Cookies = []
]]></system-out>
  <system-err><![CDATA[]]></system-err>
</testsuite>
