<?xml version="1.0" encoding="UTF-8"?>
<testsuite name="com.mindex.challenge.service.impl.CompensationServiceImplTest" tests="1" skipped="0" failures="0" errors="0" timestamp="2023-02-04T00:09:30" hostname="LAPTOP-ELR07SM5" time="0.139">
  <properties/>
  <testcase name="testCreateReadUpdate" classname="com.mindex.challenge.service.impl.CompensationServiceImplTest" time="0.139"/>
  <system-out><![CDATA[2023-02-03 19:09:29.762  INFO 24808 --- [    Test worker] .b.t.c.SpringBootTestContextBootstrapper : Neither @ContextConfiguration nor @ContextHierarchy found for test class [com.mindex.challenge.service.impl.CompensationServiceImplTest], using SpringBootContextLoader
2023-02-03 19:09:29.763  INFO 24808 --- [    Test worker] o.s.t.c.support.AbstractContextLoader    : Could not detect default resource locations for test class [com.mindex.challenge.service.impl.CompensationServiceImplTest]: no resource found for suffixes {-context.xml, Context.groovy}.
2023-02-03 19:09:29.763  INFO 24808 --- [    Test worker] t.c.s.AnnotationConfigContextLoaderUtils : Could not detect default configuration classes for test class [com.mindex.challenge.service.impl.CompensationServiceImplTest]: CompensationServiceImplTest does not declare any static, non-private, non-final, nested classes annotated with @Configuration.
2023-02-03 19:09:29.770  INFO 24808 --- [    Test worker] .b.t.c.SpringBootTestContextBootstrapper : Found @SpringBootConfiguration com.mindex.challenge.ChallengeApplication for test class com.mindex.challenge.service.impl.CompensationServiceImplTest
2023-02-03 19:09:29.771  INFO 24808 --- [    Test worker] .b.t.c.SpringBootTestContextBootstrapper : Loaded default TestExecutionListener class names from location [META-INF/spring.factories]: [org.springframework.boot.test.autoconfigure.restdocs.RestDocsTestExecutionListener, org.springframework.boot.test.autoconfigure.web.client.MockRestServiceServerResetTestExecutionListener, org.springframework.boot.test.autoconfigure.web.servlet.MockMvcPrintOnlyOnFailureTestExecutionListener, org.springframework.boot.test.autoconfigure.web.servlet.WebDriverTestExecutionListener, org.springframework.boot.test.mock.mockito.MockitoTestExecutionListener, org.springframework.boot.test.mock.mockito.ResetMocksTestExecutionListener, org.springframework.test.context.web.ServletTestExecutionListener, org.springframework.test.context.support.DirtiesContextBeforeModesTestExecutionListener, org.springframework.test.context.support.DependencyInjectionTestExecutionListener, org.springframework.test.context.support.DirtiesContextTestExecutionListener, org.springframework.test.context.transaction.TransactionalTestExecutionListener, org.springframework.test.context.jdbc.SqlScriptsTestExecutionListener, org.springframework.test.context.event.EventPublishingTestExecutionListener]
2023-02-03 19:09:29.772  INFO 24808 --- [    Test worker] .b.t.c.SpringBootTestContextBootstrapper : Using TestExecutionListeners: [org.springframework.test.context.web.ServletTestExecutionListener@7905b532, org.springframework.test.context.support.DirtiesContextBeforeModesTestExecutionListener@589af987, org.springframework.boot.test.mock.mockito.MockitoTestExecutionListener@190f8b87, org.springframework.boot.test.autoconfigure.SpringBootDependencyInjectionTestExecutionListener@7658108f, org.springframework.test.context.support.DirtiesContextTestExecutionListener@22208753, org.springframework.test.context.transaction.TransactionalTestExecutionListener@2d791451, org.springframework.test.context.jdbc.SqlScriptsTestExecutionListener@484ff1ca, org.springframework.test.context.event.EventPublishingTestExecutionListener@7ea54c24, org.springframework.boot.test.autoconfigure.restdocs.RestDocsTestExecutionListener@589946bc, org.springframework.boot.test.autoconfigure.web.client.MockRestServiceServerResetTestExecutionListener@3da70a62, org.springframework.boot.test.autoconfigure.web.servlet.MockMvcPrintOnlyOnFailureTestExecutionListener@a517dbd, org.springframework.boot.test.autoconfigure.web.servlet.WebDriverTestExecutionListener@5ec1c4bf, org.springframework.boot.test.mock.mockito.ResetMocksTestExecutionListener@4cffd57d]

  .   ____          _            __ _ _
 /\\ / ___'_ __ _ _(_)_ __  __ _ \ \ \ \
( ( )\___ | '_ | '_| | '_ \/ _` | \ \ \ \
 \\/  ___)| |_)| | | | | || (_| |  ) ) ) )
  '  |____| .__|_| |_|_| |_\__, | / / / /
 =========|_|==============|___/=/_/_/_/
 :: Spring Boot ::        (v2.2.0.RELEASE)

2023-02-03 19:09:29.794  INFO 24808 --- [    Test worker] c.m.c.s.i.CompensationServiceImplTest    : Starting CompensationServiceImplTest on LAPTOP-ELR07SM5 with PID 24808 (started by saran in D:\mindex copy\mindex-java-code-challenge)
2023-02-03 19:09:29.794 DEBUG 24808 --- [    Test worker] c.m.c.s.i.CompensationServiceImplTest    : Running with Spring Boot v2.2.0.RELEASE, Spring v5.2.0.RELEASE
2023-02-03 19:09:29.794  INFO 24808 --- [    Test worker] c.m.c.s.i.CompensationServiceImplTest    : No active profile set, falling back to default profiles: default
2023-02-03 19:09:29.883  INFO 24808 --- [    Test worker] .s.d.r.c.RepositoryConfigurationDelegate : Bootstrapping Spring Data repositories in DEFAULT mode.
2023-02-03 19:09:29.889  INFO 24808 --- [    Test worker] .s.d.r.c.RepositoryConfigurationDelegate : Finished Spring Data repository scanning in 5ms. Found 2 repository interfaces.
2023-02-03 19:09:30.080  INFO 24808 --- [    Test worker] o.s.b.w.embedded.tomcat.TomcatWebServer  : Tomcat initialized with port(s): 0 (http)
2023-02-03 19:09:30.091  INFO 24808 --- [    Test worker] o.apache.catalina.core.StandardService   : Starting service [Tomcat]
2023-02-03 19:09:30.091  INFO 24808 --- [    Test worker] org.apache.catalina.core.StandardEngine  : Starting Servlet engine: [Apache Tomcat/9.0.27]
2023-02-03 19:09:30.412  INFO 24808 --- [    Test worker] o.a.c.c.C.[Tomcat].[localhost].[/]       : Initializing Spring embedded WebApplicationContext
2023-02-03 19:09:30.412  INFO 24808 --- [    Test worker] o.s.web.context.ContextLoader            : Root WebApplicationContext: initialization completed in 615 ms
2023-02-03 19:09:30.523  INFO 24808 --- [    Test worker] de.bwaldvogel.mongo.MongoServer          : started MongoServer(port: 51295, ssl: false)
2023-02-03 19:09:30.525  INFO 24808 --- [    Test worker] org.mongodb.driver.cluster               : Cluster created with settings {hosts=[127.0.0.1:51295], mode=SINGLE, requiredClusterType=UNKNOWN, serverSelectionTimeout='30000 ms', maxWaitQueueSize=500}
2023-02-03 19:09:30.530  INFO 24808 --- [-server-worker1] d.b.mongo.wire.MongoWireProtocolHandler  : client [id: 0x4fb3c2d5, L:/127.0.0.1:51295 - R:/127.0.0.1:51296] connected
2023-02-03 19:09:30.532  WARN 24808 --- [    Test worker] o.s.data.convert.CustomConversions       : Registering converter from class java.time.LocalDateTime to class java.time.Instant as reading converter although it doesn't convert from a store-supported type! You might wanna check you annotation setup at the converter implementation.
2023-02-03 19:09:30.533  WARN 24808 --- [    Test worker] o.s.data.convert.CustomConversions       : Registering converter from class java.time.Instant to class java.time.LocalDateTime as reading converter although it doesn't convert from a store-supported type! You might wanna check you annotation setup at the converter implementation.
2023-02-03 19:09:30.534  INFO 24808 --- [127.0.0.1:51295] org.mongodb.driver.connection            : Opened connection [connectionId{localValue:7}] to 127.0.0.1:51295
2023-02-03 19:09:30.534  WARN 24808 --- [    Test worker] o.s.data.convert.CustomConversions       : Registering converter from class java.time.LocalDateTime to class java.time.Instant as reading converter although it doesn't convert from a store-supported type! You might wanna check you annotation setup at the converter implementation.
2023-02-03 19:09:30.534  WARN 24808 --- [    Test worker] o.s.data.convert.CustomConversions       : Registering converter from class java.time.Instant to class java.time.LocalDateTime as reading converter although it doesn't convert from a store-supported type! You might wanna check you annotation setup at the converter implementation.
2023-02-03 19:09:30.535  INFO 24808 --- [127.0.0.1:51295] org.mongodb.driver.cluster               : Monitor thread successfully connected to server with description ServerDescription{address=127.0.0.1:51295, type=STANDALONE, state=CONNECTED, ok=true, version=ServerVersion{versionList=[3, 0, 0]}, minWireVersion=0, maxWireVersion=2, maxDocumentSize=16777216, logicalSessionTimeoutMinutes=null, roundTripTimeNanos=502300}
2023-02-03 19:09:30.573  INFO 24808 --- [-server-worker2] d.b.mongo.wire.MongoWireProtocolHandler  : client [id: 0x2b7b9630, L:/127.0.0.1:51295 - R:/127.0.0.1:51297] connected
2023-02-03 19:09:30.576  INFO 24808 --- [    Test worker] org.mongodb.driver.connection            : Opened connection [connectionId{localValue:8}] to 127.0.0.1:51295
2023-02-03 19:09:30.577  INFO 24808 --- [-server-worker2] d.b.mongo.backend.AbstractMongoBackend   : created database test
2023-02-03 19:09:30.577  INFO 24808 --- [-server-worker2] d.b.mongo.backend.AbstractMongoDatabase  : adding unique _id index for collection employee
2023-02-03 19:09:30.577  INFO 24808 --- [-server-worker2] d.b.mongo.backend.AbstractMongoDatabase  : created collection test.employee
2023-02-03 19:09:30.667  INFO 24808 --- [    Test worker] o.s.s.concurrent.ThreadPoolTaskExecutor  : Initializing ExecutorService 'applicationTaskExecutor'
2023-02-03 19:09:30.740  WARN 24808 --- [    Test worker] o.s.data.convert.CustomConversions       : Registering converter from class java.time.LocalDateTime to class java.time.Instant as reading converter although it doesn't convert from a store-supported type! You might wanna check you annotation setup at the converter implementation.
2023-02-03 19:09:30.740  WARN 24808 --- [    Test worker] o.s.data.convert.CustomConversions       : Registering converter from class java.time.Instant to class java.time.LocalDateTime as reading converter although it doesn't convert from a store-supported type! You might wanna check you annotation setup at the converter implementation.
2023-02-03 19:09:30.747  WARN 24808 --- [    Test worker] o.s.data.convert.CustomConversions       : Registering converter from class java.time.LocalDateTime to class java.time.Instant as reading converter although it doesn't convert from a store-supported type! You might wanna check you annotation setup at the converter implementation.
2023-02-03 19:09:30.747  WARN 24808 --- [    Test worker] o.s.data.convert.CustomConversions       : Registering converter from class java.time.Instant to class java.time.LocalDateTime as reading converter although it doesn't convert from a store-supported type! You might wanna check you annotation setup at the converter implementation.
2023-02-03 19:09:30.791  INFO 24808 --- [    Test worker] o.s.b.w.embedded.tomcat.TomcatWebServer  : Tomcat started on port(s): 51298 (http) with context path ''
2023-02-03 19:09:30.792  INFO 24808 --- [    Test worker] c.m.c.s.i.CompensationServiceImplTest    : Started CompensationServiceImplTest in 1.017 seconds (JVM running for 7.115)
2023-02-03 19:09:30.864  INFO 24808 --- [o-auto-1-exec-3] o.a.c.c.C.[Tomcat].[localhost].[/]       : Initializing Spring DispatcherServlet 'dispatcherServlet'
2023-02-03 19:09:30.864  INFO 24808 --- [o-auto-1-exec-3] o.s.web.servlet.DispatcherServlet        : Initializing Servlet 'dispatcherServlet'
2023-02-03 19:09:30.876  INFO 24808 --- [o-auto-1-exec-3] o.s.web.servlet.DispatcherServlet        : Completed initialization in 12 ms
2023-02-03 19:09:30.882 DEBUG 24808 --- [o-auto-1-exec-3] c.m.c.controller.CompensationController  : Received compensation create request with fields [com.mindex.challenge.data.Compensation@474e71f6]
2023-02-03 19:09:30.882 DEBUG 24808 --- [o-auto-1-exec-3] c.m.c.s.impl.CompensationServiceImpl     : Creating compensation  [com.mindex.challenge.data.Compensation@474e71f6]
2023-02-03 19:09:30.882 DEBUG 24808 --- [o-auto-1-exec-3] c.m.c.service.impl.EmployeeServiceImpl   : Creating employee with id [03aa1462-ffa9-4978-901b-7c001562cf6f]
2023-02-03 19:09:30.892  INFO 24808 --- [-server-worker2] d.b.mongo.backend.AbstractMongoDatabase  : adding unique _id index for collection compensation
2023-02-03 19:09:30.892  INFO 24808 --- [-server-worker2] d.b.mongo.backend.AbstractMongoDatabase  : created collection test.compensation
2023-02-03 19:09:30.904 DEBUG 24808 --- [o-auto-1-exec-1] c.m.c.controller.CompensationController  : Received compensation read request for id [03aa1462-ffa9-4978-901b-7c001562cf6f]
2023-02-03 19:09:30.905 DEBUG 24808 --- [o-auto-1-exec-1] c.m.c.s.impl.CompensationServiceImpl     : Creating employee with id [03aa1462-ffa9-4978-901b-7c001562cf6f]
2023-02-03 19:09:30.905 DEBUG 24808 --- [o-auto-1-exec-1] c.m.c.service.impl.EmployeeServiceImpl   : Creating employee with id [03aa1462-ffa9-4978-901b-7c001562cf6f]
2023-02-03 19:09:30.919 DEBUG 24808 --- [o-auto-1-exec-2] c.m.c.controller.CompensationController  : Received compensation read request for id [1491dedf-ea4b-4d3f-8641-187dc0fcbfcd]
2023-02-03 19:09:30.919 DEBUG 24808 --- [o-auto-1-exec-2] c.m.c.s.impl.CompensationServiceImpl     : Creating employee with id [1491dedf-ea4b-4d3f-8641-187dc0fcbfcd]
2023-02-03 19:09:30.919 DEBUG 24808 --- [o-auto-1-exec-2] c.m.c.service.impl.EmployeeServiceImpl   : Creating employee with id [1491dedf-ea4b-4d3f-8641-187dc0fcbfcd]
2023-02-03 19:09:30.927 DEBUG 24808 --- [o-auto-1-exec-4] c.m.c.controller.CompensationController  : Received compensation read request for id [c0c2293d-16bd-4603-8e08-638a9d18b22c]
2023-02-03 19:09:30.927 DEBUG 24808 --- [o-auto-1-exec-4] c.m.c.s.impl.CompensationServiceImpl     : Creating employee with id [c0c2293d-16bd-4603-8e08-638a9d18b22c]
2023-02-03 19:09:30.927 DEBUG 24808 --- [o-auto-1-exec-4] c.m.c.service.impl.EmployeeServiceImpl   : Creating employee with id [c0c2293d-16bd-4603-8e08-638a9d18b22c]
]]></system-out>
  <system-err><![CDATA[]]></system-err>
</testsuite>
