<?xml version="1.0" encoding="UTF-8"?>
<testsuite name="com.mindex.challenge.service.impl.ReportingStructureServiceImplTest" tests="1" skipped="0" failures="0" errors="0" timestamp="2023-02-05T04:12:01" hostname="LAPTOP-ELR07SM5" time="0.034">
  <properties/>
  <testcase name="testRead" classname="com.mindex.challenge.service.impl.ReportingStructureServiceImplTest" time="0.034"/>
  <system-out><![CDATA[2023-02-04 23:12:01.203  INFO 25984 --- [    Test worker] .b.t.c.SpringBootTestContextBootstrapper : Neither @ContextConfiguration nor @ContextHierarchy found for test class [com.mindex.challenge.service.impl.ReportingStructureServiceImplTest], using SpringBootContextLoader
2023-02-04 23:12:01.203  INFO 25984 --- [    Test worker] o.s.t.c.support.AbstractContextLoader    : Could not detect default resource locations for test class [com.mindex.challenge.service.impl.ReportingStructureServiceImplTest]: no resource found for suffixes {-context.xml, Context.groovy}.
2023-02-04 23:12:01.203  INFO 25984 --- [    Test worker] t.c.s.AnnotationConfigContextLoaderUtils : Could not detect default configuration classes for test class [com.mindex.challenge.service.impl.ReportingStructureServiceImplTest]: ReportingStructureServiceImplTest does not declare any static, non-private, non-final, nested classes annotated with @Configuration.
2023-02-04 23:12:01.204  INFO 25984 --- [    Test worker] .b.t.c.SpringBootTestContextBootstrapper : Found @SpringBootConfiguration com.mindex.challenge.ChallengeApplication for test class com.mindex.challenge.service.impl.ReportingStructureServiceImplTest
2023-02-04 23:12:01.204  INFO 25984 --- [    Test worker] .b.t.c.SpringBootTestContextBootstrapper : Loaded default TestExecutionListener class names from location [META-INF/spring.factories]: [org.springframework.boot.test.autoconfigure.restdocs.RestDocsTestExecutionListener, org.springframework.boot.test.autoconfigure.web.client.MockRestServiceServerResetTestExecutionListener, org.springframework.boot.test.autoconfigure.web.servlet.MockMvcPrintOnlyOnFailureTestExecutionListener, org.springframework.boot.test.autoconfigure.web.servlet.WebDriverTestExecutionListener, org.springframework.boot.test.mock.mockito.MockitoTestExecutionListener, org.springframework.boot.test.mock.mockito.ResetMocksTestExecutionListener, org.springframework.test.context.web.ServletTestExecutionListener, org.springframework.test.context.support.DirtiesContextBeforeModesTestExecutionListener, org.springframework.test.context.support.DependencyInjectionTestExecutionListener, org.springframework.test.context.support.DirtiesContextTestExecutionListener, org.springframework.test.context.transaction.TransactionalTestExecutionListener, org.springframework.test.context.jdbc.SqlScriptsTestExecutionListener, org.springframework.test.context.event.EventPublishingTestExecutionListener]
2023-02-04 23:12:01.205  INFO 25984 --- [    Test worker] .b.t.c.SpringBootTestContextBootstrapper : Using TestExecutionListeners: [org.springframework.test.context.web.ServletTestExecutionListener@61e4f369, org.springframework.test.context.support.DirtiesContextBeforeModesTestExecutionListener@335cf376, org.springframework.boot.test.mock.mockito.MockitoTestExecutionListener@79f7f3dd, org.springframework.boot.test.autoconfigure.SpringBootDependencyInjectionTestExecutionListener@652b7a12, org.springframework.test.context.support.DirtiesContextTestExecutionListener@2312b265, org.springframework.test.context.transaction.TransactionalTestExecutionListener@77013232, org.springframework.test.context.jdbc.SqlScriptsTestExecutionListener@31ae5e14, org.springframework.test.context.event.EventPublishingTestExecutionListener@f6b49d9, org.springframework.boot.test.autoconfigure.restdocs.RestDocsTestExecutionListener@395c53cb, org.springframework.boot.test.autoconfigure.web.client.MockRestServiceServerResetTestExecutionListener@47327670, org.springframework.boot.test.autoconfigure.web.servlet.MockMvcPrintOnlyOnFailureTestExecutionListener@42fde7c, org.springframework.boot.test.autoconfigure.web.servlet.WebDriverTestExecutionListener@515f7aa1, org.springframework.boot.test.mock.mockito.ResetMocksTestExecutionListener@ac6b94a]
2023-02-04 23:12:01.215 DEBUG 25984 --- [o-auto-1-exec-9] c.m.c.c.ReportingStructureController     : Received reportingStructure read request for id [16a596ae-edd3-4847-99fe-c4518e82c86f] 
2023-02-04 23:12:01.215 DEBUG 25984 --- [o-auto-1-exec-9] c.m.c.s.i.ReportingStructureServiceImpl  : Getting number of reports for employee with id [16a596ae-edd3-4847-99fe-c4518e82c86f]
2023-02-04 23:12:01.222 DEBUG 25984 --- [o-auto-1-exec-9] c.m.c.s.i.ReportingStructureServiceImpl  : Number of Reports [4]
2023-02-04 23:12:01.227 DEBUG 25984 --- [-auto-1-exec-10] c.m.c.c.ReportingStructureController     : Received reportingStructure read request for id [03aa1462-ffa9-4978-901b-7c001562cf6f] 
2023-02-04 23:12:01.227 DEBUG 25984 --- [-auto-1-exec-10] c.m.c.s.i.ReportingStructureServiceImpl  : Getting number of reports for employee with id [03aa1462-ffa9-4978-901b-7c001562cf6f]
2023-02-04 23:12:01.231 DEBUG 25984 --- [-auto-1-exec-10] c.m.c.s.i.ReportingStructureServiceImpl  : Number of Reports [2]
2023-02-04 23:12:01.235 DEBUG 25984 --- [o-auto-1-exec-3] c.m.c.c.ReportingStructureController     : Received reportingStructure read request for id [6076dc8f-96ff-4fbd-900b-c59058bca9d7] 
2023-02-04 23:12:01.235 DEBUG 25984 --- [o-auto-1-exec-3] c.m.c.s.i.ReportingStructureServiceImpl  : Getting number of reports for employee with id [6076dc8f-96ff-4fbd-900b-c59058bca9d7]
]]></system-out>
  <system-err><![CDATA[]]></system-err>
</testsuite>
