<?xml version="1.0" encoding="UTF-8"?>
<testsuite name="com.mindex.challenge.DataBootstrapTest" tests="1" skipped="0" failures="0" errors="0" timestamp="2023-02-04T00:09:29" hostname="LAPTOP-ELR07SM5" time="0.046">
  <properties/>
  <testcase name="test" classname="com.mindex.challenge.DataBootstrapTest" time="0.046"/>
  <system-out><![CDATA[2023-02-03 19:09:29.703  INFO 24808 --- [    Test worker] .b.t.c.SpringBootTestContextBootstrapper : Neither @ContextConfiguration nor @ContextHierarchy found for test class [com.mindex.challenge.DataBootstrapTest], using SpringBootContextLoader
2023-02-03 19:09:29.705  INFO 24808 --- [    Test worker] o.s.t.c.support.AbstractContextLoader    : Could not detect default resource locations for test class [com.mindex.challenge.DataBootstrapTest]: no resource found for suffixes {-context.xml, Context.groovy}.
2023-02-03 19:09:29.705  INFO 24808 --- [    Test worker] t.c.s.AnnotationConfigContextLoaderUtils : Could not detect default configuration classes for test class [com.mindex.challenge.DataBootstrapTest]: DataBootstrapTest does not declare any static, non-private, non-final, nested classes annotated with @Configuration.
2023-02-03 19:09:29.707  INFO 24808 --- [    Test worker] .b.t.c.SpringBootTestContextBootstrapper : Found @SpringBootConfiguration com.mindex.challenge.ChallengeApplication for test class com.mindex.challenge.DataBootstrapTest
2023-02-03 19:09:29.708  INFO 24808 --- [    Test worker] .b.t.c.SpringBootTestContextBootstrapper : Loaded default TestExecutionListener class names from location [META-INF/spring.factories]: [org.springframework.boot.test.autoconfigure.restdocs.RestDocsTestExecutionListener, org.springframework.boot.test.autoconfigure.web.client.MockRestServiceServerResetTestExecutionListener, org.springframework.boot.test.autoconfigure.web.servlet.MockMvcPrintOnlyOnFailureTestExecutionListener, org.springframework.boot.test.autoconfigure.web.servlet.WebDriverTestExecutionListener, org.springframework.boot.test.mock.mockito.MockitoTestExecutionListener, org.springframework.boot.test.mock.mockito.ResetMocksTestExecutionListener, org.springframework.test.context.web.ServletTestExecutionListener, org.springframework.test.context.support.DirtiesContextBeforeModesTestExecutionListener, org.springframework.test.context.support.DependencyInjectionTestExecutionListener, org.springframework.test.context.support.DirtiesContextTestExecutionListener, org.springframework.test.context.transaction.TransactionalTestExecutionListener, org.springframework.test.context.jdbc.SqlScriptsTestExecutionListener, org.springframework.test.context.event.EventPublishingTestExecutionListener]
2023-02-03 19:09:29.709  INFO 24808 --- [    Test worker] .b.t.c.SpringBootTestContextBootstrapper : Using TestExecutionListeners: [org.springframework.test.context.web.ServletTestExecutionListener@224b8534, org.springframework.test.context.support.DirtiesContextBeforeModesTestExecutionListener@11980f21, org.springframework.boot.test.mock.mockito.MockitoTestExecutionListener@2125ed71, org.springframework.boot.test.autoconfigure.SpringBootDependencyInjectionTestExecutionListener@532659bb, org.springframework.test.context.support.DirtiesContextTestExecutionListener@2d3a14ce, org.springframework.test.context.transaction.TransactionalTestExecutionListener@7c8af74f, org.springframework.test.context.jdbc.SqlScriptsTestExecutionListener@724ad3ca, org.springframework.test.context.event.EventPublishingTestExecutionListener@13c0a7b9, org.springframework.boot.test.autoconfigure.restdocs.RestDocsTestExecutionListener@6ea14d6b, org.springframework.boot.test.autoconfigure.web.client.MockRestServiceServerResetTestExecutionListener@45baff7f, org.springframework.boot.test.autoconfigure.web.servlet.MockMvcPrintOnlyOnFailureTestExecutionListener@61caa081, org.springframework.boot.test.autoconfigure.web.servlet.WebDriverTestExecutionListener@77a12e6e, org.springframework.boot.test.mock.mockito.ResetMocksTestExecutionListener@130fffe4]
]]></system-out>
  <system-err><![CDATA[]]></system-err>
</testsuite>
