<?xml version="1.0" encoding="UTF-8"?>
<testsuite name="com.mindex.challenge.service.impl.EmployeeServiceImplTest" tests="1" skipped="0" failures="0" errors="0" timestamp="2023-02-04T00:09:30" hostname="LAPTOP-ELR07SM5" time="0.028">
  <properties/>
  <testcase name="testCreateReadUpdate" classname="com.mindex.challenge.service.impl.EmployeeServiceImplTest" time="0.028"/>
  <system-out><![CDATA[2023-02-03 19:09:30.936  INFO 24808 --- [    Test worker] .b.t.c.SpringBootTestContextBootstrapper : Neither @ContextConfiguration nor @ContextHierarchy found for test class [com.mindex.challenge.service.impl.EmployeeServiceImplTest], using SpringBootContextLoader
2023-02-03 19:09:30.937  INFO 24808 --- [    Test worker] o.s.t.c.support.AbstractContextLoader    : Could not detect default resource locations for test class [com.mindex.challenge.service.impl.EmployeeServiceImplTest]: no resource found for suffixes {-context.xml, Context.groovy}.
2023-02-03 19:09:30.937  INFO 24808 --- [    Test worker] t.c.s.AnnotationConfigContextLoaderUtils : Could not detect default configuration classes for test class [com.mindex.challenge.service.impl.EmployeeServiceImplTest]: EmployeeServiceImplTest does not declare any static, non-private, non-final, nested classes annotated with @Configuration.
2023-02-03 19:09:30.939  INFO 24808 --- [    Test worker] .b.t.c.SpringBootTestContextBootstrapper : Found @SpringBootConfiguration com.mindex.challenge.ChallengeApplication for test class com.mindex.challenge.service.impl.EmployeeServiceImplTest
2023-02-03 19:09:30.940  INFO 24808 --- [    Test worker] .b.t.c.SpringBootTestContextBootstrapper : Loaded default TestExecutionListener class names from location [META-INF/spring.factories]: [org.springframework.boot.test.autoconfigure.restdocs.RestDocsTestExecutionListener, org.springframework.boot.test.autoconfigure.web.client.MockRestServiceServerResetTestExecutionListener, org.springframework.boot.test.autoconfigure.web.servlet.MockMvcPrintOnlyOnFailureTestExecutionListener, org.springframework.boot.test.autoconfigure.web.servlet.WebDriverTestExecutionListener, org.springframework.boot.test.mock.mockito.MockitoTestExecutionListener, org.springframework.boot.test.mock.mockito.ResetMocksTestExecutionListener, org.springframework.test.context.web.ServletTestExecutionListener, org.springframework.test.context.support.DirtiesContextBeforeModesTestExecutionListener, org.springframework.test.context.support.DependencyInjectionTestExecutionListener, org.springframework.test.context.support.DirtiesContextTestExecutionListener, org.springframework.test.context.transaction.TransactionalTestExecutionListener, org.springframework.test.context.jdbc.SqlScriptsTestExecutionListener, org.springframework.test.context.event.EventPublishingTestExecutionListener]
2023-02-03 19:09:30.941  INFO 24808 --- [    Test worker] .b.t.c.SpringBootTestContextBootstrapper : Using TestExecutionListeners: [org.springframework.test.context.web.ServletTestExecutionListener@69138ad5, org.springframework.test.context.support.DirtiesContextBeforeModesTestExecutionListener@3775fea6, org.springframework.boot.test.mock.mockito.MockitoTestExecutionListener@6843cd22, org.springframework.boot.test.autoconfigure.SpringBootDependencyInjectionTestExecutionListener@2ca7e987, org.springframework.test.context.support.DirtiesContextTestExecutionListener@59979be4, org.springframework.test.context.transaction.TransactionalTestExecutionListener@418fcebe, org.springframework.test.context.jdbc.SqlScriptsTestExecutionListener@37d33170, org.springframework.test.context.event.EventPublishingTestExecutionListener@24ab0ddc, org.springframework.boot.test.autoconfigure.restdocs.RestDocsTestExecutionListener@4186ea16, org.springframework.boot.test.autoconfigure.web.client.MockRestServiceServerResetTestExecutionListener@7e4336a6, org.springframework.boot.test.autoconfigure.web.servlet.MockMvcPrintOnlyOnFailureTestExecutionListener@50b5c0af, org.springframework.boot.test.autoconfigure.web.servlet.WebDriverTestExecutionListener@2c8ce288, org.springframework.boot.test.mock.mockito.ResetMocksTestExecutionListener@5aac7b55]
2023-02-03 19:09:30.950 DEBUG 24808 --- [o-auto-1-exec-5] c.m.c.controller.EmployeeController      : Received employee create request for [com.mindex.challenge.data.Employee@78513590]
2023-02-03 19:09:30.951 DEBUG 24808 --- [o-auto-1-exec-5] c.m.c.service.impl.EmployeeServiceImpl   : Creating employee [com.mindex.challenge.data.Employee@78513590]
2023-02-03 19:09:30.959 DEBUG 24808 --- [o-auto-1-exec-6] c.m.c.service.impl.EmployeeServiceImpl   : Creating employee with id [67da50a3-6873-44dc-bea3-fd865572aa70]
2023-02-03 19:09:30.965 DEBUG 24808 --- [o-auto-1-exec-7] c.m.c.controller.EmployeeController      : Received employee create request for id [67da50a3-6873-44dc-bea3-fd865572aa70] and employee [com.mindex.challenge.data.Employee@3d63a95c]
2023-02-03 19:09:30.965 DEBUG 24808 --- [o-auto-1-exec-7] c.m.c.service.impl.EmployeeServiceImpl   : Updating employee [com.mindex.challenge.data.Employee@3d63a95c]
]]></system-out>
  <system-err><![CDATA[]]></system-err>
</testsuite>
