<?xml version="1.0" encoding="UTF-8"?>
<testsuite name="com.mindex.challenge.controllerTest.CompensationControllerTest" tests="1" skipped="0" failures="0" errors="0" timestamp="2023-02-04T00:09:29" hostname="LAPTOP-ELR07SM5" time="0.096">
  <properties/>
  <testcase name="compensationControllerTest" classname="com.mindex.challenge.controllerTest.CompensationControllerTest" time="0.096"/>
  <system-out><![CDATA[2023-02-03 19:09:28.258  INFO 24808 --- [    Test worker] .b.t.c.SpringBootTestContextBootstrapper : Neither @ContextConfiguration nor @ContextHierarchy found for test class [com.mindex.challenge.controllerTest.CompensationControllerTest], using SpringBootContextLoader
2023-02-03 19:09:28.259  INFO 24808 --- [    Test worker] o.s.t.c.support.AbstractContextLoader    : Could not detect default resource locations for test class [com.mindex.challenge.controllerTest.CompensationControllerTest]: no resource found for suffixes {-context.xml, Context.groovy}.
2023-02-03 19:09:28.259  INFO 24808 --- [    Test worker] t.c.s.AnnotationConfigContextLoaderUtils : Could not detect default configuration classes for test class [com.mindex.challenge.controllerTest.CompensationControllerTest]: CompensationControllerTest does not declare any static, non-private, non-final, nested classes annotated with @Configuration.
2023-02-03 19:09:28.273  INFO 24808 --- [    Test worker] .b.t.c.SpringBootTestContextBootstrapper : Found @SpringBootConfiguration com.mindex.challenge.ChallengeApplication for test class com.mindex.challenge.controllerTest.CompensationControllerTest
2023-02-03 19:09:28.274  INFO 24808 --- [    Test worker] .b.t.c.SpringBootTestContextBootstrapper : Loaded default TestExecutionListener class names from location [META-INF/spring.factories]: [org.springframework.boot.test.autoconfigure.restdocs.RestDocsTestExecutionListener, org.springframework.boot.test.autoconfigure.web.client.MockRestServiceServerResetTestExecutionListener, org.springframework.boot.test.autoconfigure.web.servlet.MockMvcPrintOnlyOnFailureTestExecutionListener, org.springframework.boot.test.autoconfigure.web.servlet.WebDriverTestExecutionListener, org.springframework.boot.test.mock.mockito.MockitoTestExecutionListener, org.springframework.boot.test.mock.mockito.ResetMocksTestExecutionListener, org.springframework.test.context.web.ServletTestExecutionListener, org.springframework.test.context.support.DirtiesContextBeforeModesTestExecutionListener, org.springframework.test.context.support.DependencyInjectionTestExecutionListener, org.springframework.test.context.support.DirtiesContextTestExecutionListener, org.springframework.test.context.transaction.TransactionalTestExecutionListener, org.springframework.test.context.jdbc.SqlScriptsTestExecutionListener, org.springframework.test.context.event.EventPublishingTestExecutionListener]
2023-02-03 19:09:28.274  INFO 24808 --- [    Test worker] .b.t.c.SpringBootTestContextBootstrapper : Using TestExecutionListeners: [org.springframework.test.context.web.ServletTestExecutionListener@4d5e8999, org.springframework.test.context.support.DirtiesContextBeforeModesTestExecutionListener@655d0ae2, org.springframework.boot.test.mock.mockito.MockitoTestExecutionListener@e03b52c, org.springframework.boot.test.autoconfigure.SpringBootDependencyInjectionTestExecutionListener@6f2987d8, org.springframework.test.context.support.DirtiesContextTestExecutionListener@5602d9e5, org.springframework.test.context.transaction.TransactionalTestExecutionListener@5b85c3dd, org.springframework.test.context.jdbc.SqlScriptsTestExecutionListener@483ca754, org.springframework.test.context.event.EventPublishingTestExecutionListener@6b08eecc, org.springframework.boot.test.autoconfigure.restdocs.RestDocsTestExecutionListener@2b85cfb9, org.springframework.boot.test.autoconfigure.web.client.MockRestServiceServerResetTestExecutionListener@5eeb6a3f, org.springframework.boot.test.autoconfigure.web.servlet.MockMvcPrintOnlyOnFailureTestExecutionListener@73c060b1, org.springframework.boot.test.autoconfigure.web.servlet.WebDriverTestExecutionListener@5f129e8b, org.springframework.boot.test.mock.mockito.ResetMocksTestExecutionListener@5a6f7ad7]

  .   ____          _            __ _ _
 /\\ / ___'_ __ _ _(_)_ __  __ _ \ \ \ \
( ( )\___ | '_ | '_| | '_ \/ _` | \ \ \ \
 \\/  ___)| |_)| | | | | || (_| |  ) ) ) )
  '  |____| .__|_| |_|_| |_\__, | / / / /
 =========|_|==============|___/=/_/_/_/
 :: Spring Boot ::        (v2.2.0.RELEASE)

2023-02-03 19:09:28.294  INFO 24808 --- [    Test worker] c.m.c.c.CompensationControllerTest       : Starting CompensationControllerTest on LAPTOP-ELR07SM5 with PID 24808 (started by saran in D:\mindex copy\mindex-java-code-challenge)
2023-02-03 19:09:28.295 DEBUG 24808 --- [    Test worker] c.m.c.c.CompensationControllerTest       : Running with Spring Boot v2.2.0.RELEASE, Spring v5.2.0.RELEASE
2023-02-03 19:09:28.295  INFO 24808 --- [    Test worker] c.m.c.c.CompensationControllerTest       : No active profile set, falling back to default profiles: default
2023-02-03 19:09:28.410  INFO 24808 --- [    Test worker] .s.d.r.c.RepositoryConfigurationDelegate : Bootstrapping Spring Data repositories in DEFAULT mode.
2023-02-03 19:09:28.416  INFO 24808 --- [    Test worker] .s.d.r.c.RepositoryConfigurationDelegate : Finished Spring Data repository scanning in 4ms. Found 2 repository interfaces.
2023-02-03 19:09:28.608  INFO 24808 --- [    Test worker] de.bwaldvogel.mongo.MongoServer          : started MongoServer(port: 51161, ssl: false)
2023-02-03 19:09:28.612  INFO 24808 --- [    Test worker] org.mongodb.driver.cluster               : Cluster created with settings {hosts=[127.0.0.1:51161], mode=SINGLE, requiredClusterType=UNKNOWN, serverSelectionTimeout='30000 ms', maxWaitQueueSize=500}
2023-02-03 19:09:28.616  INFO 24808 --- [-server-worker1] d.b.mongo.wire.MongoWireProtocolHandler  : client [id: 0xd6ff1b8e, L:/127.0.0.1:51161 - R:/127.0.0.1:51162] connected
2023-02-03 19:09:28.642  WARN 24808 --- [    Test worker] o.s.data.convert.CustomConversions       : Registering converter from class java.time.LocalDateTime to class java.time.Instant as reading converter although it doesn't convert from a store-supported type! You might wanna check you annotation setup at the converter implementation.
2023-02-03 19:09:28.642  WARN 24808 --- [    Test worker] o.s.data.convert.CustomConversions       : Registering converter from class java.time.Instant to class java.time.LocalDateTime as reading converter although it doesn't convert from a store-supported type! You might wanna check you annotation setup at the converter implementation.
2023-02-03 19:09:28.644  WARN 24808 --- [    Test worker] o.s.data.convert.CustomConversions       : Registering converter from class java.time.LocalDateTime to class java.time.Instant as reading converter although it doesn't convert from a store-supported type! You might wanna check you annotation setup at the converter implementation.
2023-02-03 19:09:28.644  WARN 24808 --- [    Test worker] o.s.data.convert.CustomConversions       : Registering converter from class java.time.Instant to class java.time.LocalDateTime as reading converter although it doesn't convert from a store-supported type! You might wanna check you annotation setup at the converter implementation.
2023-02-03 19:09:28.648  INFO 24808 --- [127.0.0.1:51161] org.mongodb.driver.connection            : Opened connection [connectionId{localValue:3}] to 127.0.0.1:51161
2023-02-03 19:09:28.650  INFO 24808 --- [127.0.0.1:51161] org.mongodb.driver.cluster               : Monitor thread successfully connected to server with description ServerDescription{address=127.0.0.1:51161, type=STANDALONE, state=CONNECTED, ok=true, version=ServerVersion{versionList=[3, 0, 0]}, minWireVersion=0, maxWireVersion=2, maxDocumentSize=16777216, logicalSessionTimeoutMinutes=null, roundTripTimeNanos=1017400}
2023-02-03 19:09:28.691  INFO 24808 --- [-server-worker2] d.b.mongo.wire.MongoWireProtocolHandler  : client [id: 0xc1516033, L:/127.0.0.1:51161 - R:/127.0.0.1:51163] connected
2023-02-03 19:09:28.698  INFO 24808 --- [    Test worker] org.mongodb.driver.connection            : Opened connection [connectionId{localValue:4}] to 127.0.0.1:51161
2023-02-03 19:09:28.699  INFO 24808 --- [-server-worker2] d.b.mongo.backend.AbstractMongoBackend   : created database test
2023-02-03 19:09:28.699  INFO 24808 --- [-server-worker2] d.b.mongo.backend.AbstractMongoDatabase  : adding unique _id index for collection employee
2023-02-03 19:09:28.699  INFO 24808 --- [-server-worker2] d.b.mongo.backend.AbstractMongoDatabase  : created collection test.employee
2023-02-03 19:09:28.862  INFO 24808 --- [    Test worker] o.s.s.concurrent.ThreadPoolTaskExecutor  : Initializing ExecutorService 'applicationTaskExecutor'
2023-02-03 19:09:28.954  WARN 24808 --- [    Test worker] o.s.data.convert.CustomConversions       : Registering converter from class java.time.LocalDateTime to class java.time.Instant as reading converter although it doesn't convert from a store-supported type! You might wanna check you annotation setup at the converter implementation.
2023-02-03 19:09:28.955  WARN 24808 --- [    Test worker] o.s.data.convert.CustomConversions       : Registering converter from class java.time.Instant to class java.time.LocalDateTime as reading converter although it doesn't convert from a store-supported type! You might wanna check you annotation setup at the converter implementation.
2023-02-03 19:09:28.968  WARN 24808 --- [    Test worker] o.s.data.convert.CustomConversions       : Registering converter from class java.time.LocalDateTime to class java.time.Instant as reading converter although it doesn't convert from a store-supported type! You might wanna check you annotation setup at the converter implementation.
2023-02-03 19:09:28.968  WARN 24808 --- [    Test worker] o.s.data.convert.CustomConversions       : Registering converter from class java.time.Instant to class java.time.LocalDateTime as reading converter although it doesn't convert from a store-supported type! You might wanna check you annotation setup at the converter implementation.
2023-02-03 19:09:29.013  INFO 24808 --- [    Test worker] o.s.b.t.m.w.SpringBootMockServletContext : Initializing Spring TestDispatcherServlet ''
2023-02-03 19:09:29.014  INFO 24808 --- [    Test worker] o.s.t.web.servlet.TestDispatcherServlet  : Initializing Servlet ''
2023-02-03 19:09:29.023  INFO 24808 --- [    Test worker] o.s.t.web.servlet.TestDispatcherServlet  : Completed initialization in 9 ms
2023-02-03 19:09:29.027  INFO 24808 --- [    Test worker] c.m.c.c.CompensationControllerTest       : Started CompensationControllerTest in 0.751 seconds (JVM running for 5.35)
2023-02-03 19:09:29.075 DEBUG 24808 --- [    Test worker] c.m.c.controller.CompensationController  : Received compensation read request for id [123456]

MockHttpServletRequest:
      HTTP Method = GET
      Request URI = /employee/compensation/123456
       Parameters = {}
          Headers = []
             Body = null
    Session Attrs = {}

Handler:
             Type = com.mindex.challenge.controller.CompensationController
           Method = com.mindex.challenge.controller.CompensationController#read(String)

Async:
    Async started = false
     Async result = null

Resolved Exception:
             Type = null

ModelAndView:
        View name = null
             View = null
            Model = null

FlashMap:
       Attributes = null

MockHttpServletResponse:
           Status = 200
    Error message = null
          Headers = [Content-Type:"application/json"]
     Content type = application/json
             Body = {"employee":{"employeeId":"123456","firstName":null,"lastName":null,"position":null,"department":null,"directReports":null},"salary":200000.0,"effectiveDate":"02/21/2023"}
    Forwarded URL = null
   Redirected URL = null
          Cookies = []
2023-02-03 19:09:29.125 DEBUG 24808 --- [    Test worker] c.m.c.controller.CompensationController  : Received compensation create request with fields [com.mindex.challenge.data.Compensation@5e491fcf]
]]></system-out>
  <system-err><![CDATA[]]></system-err>
</testsuite>
